process_radtags v2.2, executed 2018-11-21 20:07:02
process_radtags -f ./1078_S1_L001_R1_001.fastq -o ./sample1 -b ./barcodes_snailfish.txt -e sbfI -r -c -q
File	Retained Reads	Low Quality	Barcode Not Found	RAD cutsite Not Found	Total
1078_S1_L001_R1_001.fastq	341628874	4383507	28096060	14282385	388390826

Total Sequences	388390826
Barcode Not Found	28096060
Low Quality	4383507
RAD Cutsite Not Found	14282385
Retained Reads	341628874

Barcode	Filename	Total	NoRadTag	LowQuality	Retained
AAACGG	Ebritti822	13727927	302049	159149	13266729
GCCGTA	Lferxi9829	10949797	232121	134625	10583051
ACTCTT	Pulochir76	1954273	271903	21154	1661216
TTCTAG	Ajordani86	2389430	200402	26721	2162307
ATTCCG	Lrutteri56	735557	264743	6581	464233
CCGCAT	Ecaudatus2	8240813	289587	100864	7850362
CGAGGC	Pdactyl08	287661	159630	1606	126425
CGCAGA	Ccandidus	4444729	250621	51092	4143016
GAGAGA	Ecaudatus3	1684429	229502	17933	1436994
GGGGCG	Ccfcypselur	5023686	594224	57303	4372159
TAATTC	Pdactyl51	39188235	349831	487727	38350677
TTTAAT	Ccfmelanu2	2730773	266855	29653	2434265
AGCCAT	Lnanus2476	6933635	439626	81146	6412863
AGTAGG	Crystall87	431039	213103	2647	215289
ATAGTA	Cbowersian	141590	138961	42	2587
CGGTCC	Cscottae04	7931555	168940	97953	7664662
CCATTT	Cstauffe11	186546	166100	224	20222
CAGGCA	Ajordani89	5546915	217631	66525	5262759
GCAGAT	Ajordan521	14772386	286327	184789	14301270
GTCATC	Cmelanu89	217761	189255	330	28176
GACTCT	Ccomus970	19277019	426296	232570	18618153
TATCAC	Eorbis821	26020656	320939	309350	25390367
TGGGGA	Ecaudatus4	32693858	674661	410790	31608407
TCTCGG	Cmelanu88	1633867	178004	19244	1436619
TGACAA	Lflorae666	11928307	326069	150573	11451665
AATATC	Ajordan522	5603619	333081	66805	5203733
ACAGCG	Pptychoman	8089326	218429	100469	7770428
GATCGT	Ecaudatus1	2346474	181050	27065	2138359
GGTTTG	Cgilberti81	8886884	345225	105635	8436024
CTCGCC	Npelagicus	15923890	222199	209721	15491970
GTGCCT	Ccandidu2	366876	119600	3187	244089
TAGTAT	Eorbis223	152953	120814	412	31727
ACAAGA	Ccomus971	3109629	269595	35249	2804785
TTCCGT	Lgibbus176	4480504	150821	56569	4273114
CCCTAA	Cfaunus841	647357	152924	6211	488222
AGGGTC	Aungak696	4311557	172138	52983	4086436
CAATCG	Ccfmelanu1	3677069	162057	47136	3467876
GAACCA	Cstauffe96	23140888	1713566	284673	21142649
TCGGAC	Eorbis461	4514919	70162	54026	4390731
ATGTTG	Cfurcellu98	6301973	256189	79255	5966529
AACTGA	Cscottae02	6569760	442268	77249	6050243
TCTTCT	Cphasma07	3771105	305709	43722	3421674
GGACTT	Crystalli2	3354725	420560	37460	2896705
GGGCGC	Crystalli1	1850885	183764	21407	1645714
ATCAAA	Cphasma61	4171460	454961	47080	3669419
GGCAAG	Lgibbus043	4783236	180567	60400	4542269
CATACT	Ppenicillu	9500275	423762	125272	8951241
CGCGTG	Rattenuatu	15666958	225564	190930	15250464

Sequences not recorded
Barcode	Total
CCCCCC	275827
CACACA	160325
TGGGAT	98507
GGGGAT	88713
AATTCT	77382
TGTGTG	76920
CGTATG	59849
ATCACT	54558
CAGCAA	41996
CGGTGG	40626
AAAAAG	39434
AACGGT	38841
TGGTGG	38244
ACACAC	37674
TAATCT	37555
CAAAAA	37522
CGGGGG	36669
GACCAT	35345
AAAAAA	34707
CAGAAG	34156
AAAATG	34090
AAACAT	33860
GACAAT	32958
CAGAAA	32821
ATATCT	31910
GAACAT	31808
TGAATG	31172
CAGATT	31110
AACCAA	30704
GGTTGT	30137
CATAAA	30029
CTTTAG	29809
AAAATA	29498
TTATCA	29108
CTCTCT	29089
AAGCTG	28909
CAACAG	28545
TTGCTG	28509
AAAAAT	28216
AAAGGT	28051
AAAACA	27949
TGTTGA	27913
GATGAG	27912
AACCTG	27805
AGAAAA	27723
GTTGAC	27410
AAGCAG	27397
CATGAA	27262
TGCTGG	26834
GAAACC	26791
CCAGCA	26711
ATAACC	26651
ATTGCT	26617
GACCAA	26493
AACATA	26439
TTTTTG	26381
TGAACA	26340
CATTCA	26298
CAGCTT	26291
TTATGG	26235
GATTGC	26028
TAAAGG	25928
ACCAGC	25897
TGCTGC	25843
CTGAAT	25834
AGAAGC	25770
AAATGC	25719
AAATAA	25463
CTTCTG	25212
TTCTGC	25120
TGTTCA	25045
AGAACG	25037
TAATAA	24958
TAAAAA	24935
CGTCAA	24898
ATAAAC	24790
CGCCAG	24726
AAGAAA	24725
TTTAGC	24665
GAGATT	24599
AAAGAG	24554
CAGCGT	24521
AGAAAT	24482
CCAGAA	24479
GAAAAC	24224
GGAAAA	24131
AGAAGT	24098
AAGAGC	23843
ATTCAA	23842
TGATGC	23790
GATATT	23778
GACCAG	23735
CAAAAT	23735
TGATGA	23642
GACCTT	23586
GCGTGT	23577
GATAAA	23520
CACCAG	23458
GCCAGC	23275
CATTAA	23263
AGAGAT	23242
CAAATG	23020
CCTTTA	22994
TAAAGC	22986
AGAAAC	22954
TGCTTA	22948
CAAGAA	22836
GTTTGT	22829
ATCCTT	22739
CAGTAG	22686
AATGCT	22640
TTCTGA	22518
ACCTTT	22318
CTCTTT	22310
GCTTTA	22308
AAGAAG	22251
ACAAAT	22183
GGGATG	22172
CATGAT	22117
TTTACC	22061
ATCAGC	22025
TCAAAA	22025
AAAGGA	21994
CAAACA	21927
TGGTTT	21921
TTTATC	21897
CGTTCT	21846
AACCCT	21810
TGGAGG	21764
CAATAT	21736
CATCAA	21734
TTAATA	21627
TGGTCA	21592
GGTCAG	21575
AAATTA	21530
GTGTGT	21524
GAAGAA	21508
AGCTTG	21490
AGATTG	21477
CGGCGT	21451
CTTCTT	21419
CACCAT	21407
AATGTT	21378
AACATT	21364
TTTCTG	21353
CTAAAG	21293
CCATGA	21257
CATTTT	21186
TATCCT	21178
CATCAT	21166
GTCAGT	21128
AAATTT	21052
AGCATT	21047
ATCACC	21017
AACAGC	21015
CGGTGT	20961
ACATTA	20959
AACACT	20954
TAAGCA	20915
ATGGTT	20884
GCTGGT	20866
CTTGCT	20850
TTTATG	20820
TTAATT	20779
CAAATC	20714
GTTTAT	20697
CATGGT	20602
TAATGT	20592
ACCATA	20509
TTTTGA	20477
AGCAGC	20462
CTTTTT	20459
AAAATT	20447
TATTTT	20403
TCAACA	20342
TCAATA	20331
AGCATC	20329
ATCATG	20326
ATTTGG	20297
ATGCTT	20223
TATTAA	20200
GAAAAA	20194
TCAGAA	20162
TACACT	20145
TGGTTG	20136
AGCGGC	20101
AACCAG	19901
CAAGAT	19889
TGAAAT	19888
TAAAAT	19797
AAACAA	19787
AAAACG	19767
TGATTA	19767
AAGCTC	19713
TTGACG	19685
TATTGC	19596
TGACGG	19593
CAAGCT	19557
GGTTAT	19555
TATGGT	19555
AACAGG	19517
AAATCA	19511
CTGGCG	19343
CATCAG	19311
CTGATG	19109
TAACCC	19037
GTTTGA	19017
AAAAGC	18993
AATTTA	18988
CAACAT	18979
GACGTT	18974
AAAAGT	18959
TATGTT	18957
TGCTTG	18937
ATGGAA	18860
AAGGAT	18741
TTATTA	18705
ATTTCT	18697
ACTGAT	18676
CGATAA	18652
CATAAG	18621
ATTATG	18590
AGATCG	18572
ATTTTT	18564
AGCTTT	18543
CAGAAT	18505
ATACCA	18468
AAGCAA	18448
TAAATT	18427
TCCAAA	18419
ATCTCT	18395
GTTTGG	18349
GTTCTT	18329
TAATCA	18249
GTTTTC	18209
AAAGCA	18171
CAGAAC	18167
ATGATT	18161
TGCAAT	18148
CAGCAG	18089
CGTCAG	18040
ATGAAG	18029
TGGAAA	18024
ATTTAA	18010
ATAATC	18009
TTTGGT	17963
ATAAGC	17917
TATGGC	17897
GAGGCT	17886
CAGATG	17885
ACTGAC	17870
GACGAC	17861
AACGGC	17851
CAACTT	17818
AGGAAA	17789
GTTATA	17780
GAGGGT	17768
ATTTAG	17748
ATTTGT	17726
TAAACA	17725
ACATAA	17661
AAAAAC	17659
GCAAGG	17633
AAAGAA	17629
CCTCCA	17626
TATTGA	17538
AGCCTC	17504
CAAGAG	17486
CTGACC	17483
TTGGTC	17428
AGGTCT	17412
GCGGCA	17338
CACCAA	17327
TCATGG	17304
CTTCGG	17299
TACCAT	17297
CGGCAG	17277
CAAAGC	17265
CATCCA	17261
CGACCA	17258
TATCTG	17237
CCAAAC	17089
GCTTGC	17076
CTGCTT	17061
GATGCT	17050
ACAGAA	17045
GGTTAA	17035
GCTGGC	17017
TTTCTT	16997
AAGGTA	16969
AAGCAT	16960
ACTCAA	16956
GTTAAC	16947
AAATCT	16939
TTTGGA	16933
AACAAC	16919
TTCATG	16912
ACATCA	16896
ACCATG	16893
GCATCA	16887
ATTTTA	16836
GCTAAA	16831
AAGAAC	16810
GCAATA	16755
TTGGTT	16745
GGCGTT	16745
AGAATC	16738
GCTTGG	16694
GCTGAA	16666
AACGTG	16661
AAGGAC	16643
GACATT	16622
GTACGG	16604
GAGCTT	16597
AAAGCT	16583
TGGACT	16578
CTTTAA	16572
GGTAAA	16570
GAGATG	16551
CAGTGG	16542
CTGATT	16511
GCCATT	16480
GCAATC	16468
TAACCG	16464
GTCAAT	16447
AGAGAG	16446
TCCCAA	16440
GACTTC	16419
CGGAAA	16413
GAAGGA	16390
AGTCAA	16352
AGTTGT	16335
CAAAAC	16315
CATTTG	16303
GCAGGA	16302
CAGGAG	16299
TGACGC	16299
CACGTT	16261
AAAACC	16251
AATCTG	16243
TAATGG	16223
TTGGGG	16216
GCAAAA	16208
TACAAT	16178
TGAATC	16153
TGCTGA	16126
CAATGA	16125
AGAAAG	16123
TCAGTA	16098
CTACTG	16095
AGATAT	16079
ACCATC	16023
TTTGTT	16007
ATTAGA	15995
TGGTAA	15988
TGTTAA	15974
ATAATG	15967
ATGGCG	15954
TTTGAG	15947
TACCAG	15880
GGAAAC	15870
AGTGTT	15832
AACCAC	15827
TGCAAA	15825
GGCGTC	15823
ATTGGT	15819
GGCGGC	15817
GTTTCT	15793
ACCAAC	15785
AGGATA	15776
TGTTTT	15749
TCTTGC	15738
TACAGT	15716
TTGACA	15703
TCATCA	15683
CGGTTA	15674
CCAAAT	15671
AATCAG	15671
CAATAC	15668
GTTCTG	15662
TTAATG	15661
CCACCA	15631
TCCGTT	15609
ATGCAA	15605
GCATAA	15591
TGATGG	15577
GCAGCA	15556
GGCGCT	15552
AACACA	15552
AATCCA	15541
ATGAGA	15537
GAAGTG	15530
CCTGCA	15493
AGCGCC	15490
CTTCAT	15479
CGTTGA	15470
AAGTAA	15445
CTGATA	15437
CTGCTG	15433
TGCAGG	15423
TTTTTA	15417
CGCTTT	15396
CATTAG	15394
TCAAAT	15318
CGTTTT	15300
GACGCC	15296
GCTGCT	15293
TGAAAC	15290
GTATTT	15254
AAATGT	15247
TGTTTC	15237
AGATGG	15230
TTCCTG	15230
TGGCGG	15215
GAAATG	15210
AAAACT	15204
CTGACG	15187
ATTAAG	15144
CATTTC	15137
TGCTAT	15107
GCTTAA	15089
TGTTTA	15065
AACGAT	15060
GACGGT	15035
GAGAAG	15034
AGCACC	15018
GCCTCC	15013
GGTCAA	15009
ATTGTT	14995
CAATGC	14979
TGCTTC	14970
CAGGGT	14965
GTAGGG	14945
AATAAT	14943
TCCTTC	14941
AAAGTT	14902
CAGGTT	14892
AATGAG	14887
AAGTCA	14883
CAAATA	14882
AATTTT	14878
GAAAAT	14871
ATACTG	14852
GCTTAT	14832
TTCAGC	14825
AGAATG	14818
TGACTC	14786
TGGTGC	14772
CAGATA	14745
TTAGAC	14738
GGCTTT	14735
AAGGTG	14704
ACGCAA	14701
GCCATG	14698
TGTTAT	14694
CTTATG	14681
CTGGTG	14655
TGAATT	14641
TTTGAC	14640
AATGCA	14621
ACAGGT	14610
TCTGGT	14597
AGGCCA	14565
TGGATG	14563
GCAAGC	14561
GCCACC	14556
CCATCA	14546
TTAACA	14530
AAGCCT	14530
GCTTCC	14511
TGGCTG	14511
AACAAT	14505
CCTTGC	14504
GAACTG	14493
CGCTAC	14479
CAACAA	14465
AAAGAC	14456
TTAAAA	14455
TGATAT	14440
CAACGC	14439
GCAAGT	14425
TGATTT	14417
TGCCGC	14409
CTTGCG	14382
TGATGT	14372
CTGCGT	14370
CATTAT	14328
GACTGC	14325
GAGGAG	14308
CGGACT	14280
TAACCT	14273
ATCAGG	14248
CTACAG	14223
TTACCA	14219
CTTGAT	14218
CGTCCT	14208
TTAATC	14203
AAAGTC	14202
CTGGTA	14200
CCTGAT	14165
TTTCCT	14162
CCAAGC	14127
GATTAT	14125
CCGTCA	14124
TCAAAC	14121
TCATGA	14100
ATAAAG	14073
ATGAGT	14072
CATCTC	14071
TACCGC	14052
GTTTTT	14049
CTGCCG	14025
GGATGA	14023
TAGACA	14009
TGGTCG	14003
CACCTT	13995
CGTCTT	13976
AATCAT	13966
GTCCTT	13963
TTAGGG	13948
AATTCA	13920
AACATG	13917
AAATAC	13912
AATGAA	13896
CGGCAA	13872
TTAAAG	13872
CACATT	13871
TTGTTA	13867
CGCTTC	13827
CTGCTC	13822
TTGATG	13795
AACTTC	13785
CTCCAA	13779
CCAACA	13777
TATTCA	13775
ATTATT	13775
CTCATT	13757
TAAACG	13757
GCCTTC	13754
GCATGA	13743
AATAGT	13693
ACGTTT	13691
AATGAC	13686
AGTCCA	13677
GACGCA	13670
AAATAG	13647
GTTCAG	13646
CTCACT	13643
TTTTGT	13605
AAGACG	13602
CCGAAG	13602
GAGCAG	13595
GAAGGC	13590
TGAAGA	13588
CACTTC	13584
GTTATT	13567
CTTCCA	13565
AATTAT	13556
AAGGCT	13548
TGAGTC	13532
TTCTCA	13516
CGTCAT	13508
CTTGAA	13507
AAGTTA	13496
TACTGC	13486
AGAGGA	13444
CGTGAT	13429
CCATGC	13426
GGCATT	13424
GCTACT	13411
AGGTGA	13408
CATGAC	13402
TTTTAC	13400
ACGTTC	13391
AGACCA	13386
GAAATA	13354
CATCTG	13350
TTATCG	13347
ACCAAT	13343
TGCCGA	13312
ACAATG	13311
TTATTG	13294
ACCCTC	13275
AAACTC	13235
CCTTCA	13203
CTGCAA	13193
GTGATG	13171
GCGATT	13149
CTCTTG	13146
CTCAGG	13143
GATTAA	13138
ATTAAC	13131
TAAATA	13125
TGGCCT	13118
CTTTCC	13100
CAAAGA	13090
TAAAGA	13087
TTATTT	13087
TCAAAG	13081
TTCTTC	13078
ATATCA	13073
CTCCTC	13073
CTGGTC	13070
CACATA	13060
TCAGGA	13056
TCGACT	13027
TAGAAA	13001
TTAAGC	12999
GAAGTC	12999
TACCTT	12989
GTATGC	12985
TGCATT	12984
AGCTGG	12979
TGCAAC	12973
GACAAA	12945
GCTTCG	12939
TGGCAT	12932
AGCTTA	12930
CAAGGT	12919
ATACGA	12914
AGATGC	12905
TGAGTT	12900
AGTTGC	12892
GATGTA	12891
TGTAGC	12890
GCGTAC	12888
GGTGGC	12860
TCCTTT	12852
TAACTG	12843
GATGAA	12835
TTCCAA	12782
TCTGAT	12769
AGGAGA	12767
TGTTGG	12743
TGAGCT	12738
CTTGCA	12733
GCGTAT	12720
GGCCTC	12717
TCTTTC	12716
GTTGAG	12712
GGGTTA	12707
CAAAGT	12703
GCTTTT	12699
GTGATT	12696
GCGTTG	12690
AGCGAA	12665
TGAAGG	12664
TTGATA	12657
ATTTTC	12653
TATTTA	12651
TTATGT	12635
AAATAT	12629
GTCAGA	12625
ACGACC	12622
GCTGCA	12621
TGTCTC	12617
GAAGAG	12616
TGGCAC	12599
GGTGAT	12599
GGCTGG	12596
ATCACG	12588
GATTTA	12586
ATAAAT	12585
ACTGTA	12567
ACCCTG	12563
TGCGTC	12559
TCCACT	12541
AGGCTG	12535
ACCATT	12521
CGACTG	12512
TCCATC	12505
CATGGC	12501
CGAGAT	12500
TTGTTC	12496
CGTGAC	12486
TTGCTT	12480
GGGAGG	12461
CTTTAC	12454
CAATAA	12452
TGAGGG	12433
AAGATG	12432
ACCGTC	12429
CCTGAA	12419
TGCTAA	12419
CATTGC	12418
TGTCTA	12417
TCCTGC	12407
GCATTG	12402
GTGCTG	12393
GGTATA	12388
TTTCCA	12377
TGTTCC	12376
CACAAA	12366
AACACC	12359
TCAGCA	12352
ACATAC	12342
CCTGTT	12318
TTATGC	12316
TACTGT	12310
AGGAAG	12308
AGTAAC	12303
GGGTCT	12301
TCACCA	12298
AAGCAC	12295
ATAACG	12270
CCACTG	12262
CCATAC	12257
GAATGC	12257
TTGCAG	12256
TCCTGA	12251
CACACC	12231
CATCTT	12218
TAGACC	12209
CGTTGC	12209
CTTGGT	12192
AATAAA	12191
CTGTGG	12187
CAGCAC	12187
ATCGTT	12184
ACTTAA	12174
TCATCC	12164
TATTGG	12128
TGACCC	12127
ATTAGC	12092
CCTTGA	12070
AGCGTT	12061
CATGGA	12060
ATGAAC	12055
TTCACT	12036
TTTTGC	12034
TATGCA	12024
ATCTGC	12020
AGGCGG	12018
GCTGTT	12006
ATAACA	12004
ACGCTC	12000
TGACCG	11997
AATGCC	11990
AGATTT	11975
AACGCT	11964
TGTGGC	11964
GCTGGA	11956
TAAACT	11955
ATGAGG	11955
CGAGAA	11948
GTTGGT	11946
TTTGCA	11932
TTGAGT	11929
TGTATG	11908
GTTGTT	11884
ACTGCT	11877
GCTACC	11875
GCTATT	11862
TAACGA	11839
CAGTAA	11838
CCTGCT	11838
GTAAAA	11819
TTAACC	11813
AACGCG	11811
GACGGC	11809
GACGAG	11809
CACATG	11807
CCAGCT	11792
TTGCAA	11790
AAGAGG	11781
AAAGCC	11764
ACTAAA	11759
TGGACA	11759
AATAAG	11722
CAGCGG	11722
CGCTGT	11720
CAACGT	11719
GTCTTT	11718
AATCAA	11711
ATACTT	11699
ATGTGT	11691
GATTCA	11687
ACCTTG	11657
GAAGCC	11645
GTATGG	11641
AAACAC	11639
GATTGA	11623
GAAAAG	11620
TAGCAA	11616
AGCTGT	11599
CACATC	11598
ATATAA	11594
GGTATT	11587
ATGCGG	11575
GAATGT	11549
AAGATT	11547
GTAAAG	11541
CTGACT	11528
GGTTGA	11524
CACTGC	11519
TCACCT	11511
GAACAG	11508
CTAATG	11498
CGGTAT	11493
GAAGTT	11491
TGTGAC	11480
TAGCCA	11478
CCAAAA	11474
ACGCAG	11454
TAAGCT	11444
TAACTT	11437
GATGTT	11429
ACTGAA	11424
ATTTCC	11421
CTGTAG	11413
CTCACA	11410
GCCAGA	11401
TCTTTA	11394
GAAAGG	11393
TAGGGT	11390
GTCGGG	11381
GTCGGC	11378
CTCCTG	11378
GCCGCT	11376
TCAACG	11356
GCTACA	11347
TCGCCT	11331
CATTGT	11321
TTTTAA	11314
TGCTCC	11298
AACAAG	11291
AACGTT	11288
GTACGC	11280
CGAAAA	11260
AGGCTT	11259
AACGTA	11258
ACTGGC	11246
CAACCT	11230
GTTCAA	11225
AGAGCC	11224
GCAATG	11223
CGCATT	11215
TAAGAG	11211
TCTGTT	11206
TTTGAA	11203
CACTCA	11191
TTTCTC	11189
GTTTCC	11188
TGGAAG	11173
CAGCGA	11163
GGAAGC	11152
CCAACC	11150
CTTTAT	11143
ACGCTG	11140
TCAACC	11123
GTCACA	11122
AGACAG	11115
AGCTCA	11109
GTTGCA	11099
TGTTGC	11068
ATCCAC	11068
TTGGAT	11056
GGAGTG	11045
TGAGAC	11037
AACGCC	11031
CTTCTC	11025
TGCCAC	11025
TCTTGA	11020
GGAACA	11011
GTTTTA	11004
CTGGTT	11002
CTCAAT	11000
GTCCTG	10998
CTTAAG	10992
CAAGTT	10977
ATTGGG	10975
CTTTGC	10972
CTATTG	10967
AGTTTT	10960
TGCTCA	10958
AGTAAA	10954
CAGCCT	10954
ACTACT	10948
AAGCGT	10948
TTCGTT	10946
TGAATA	10940
TCCAAG	10935
TCAATC	10932
AGTTAA	10923
TTAGAG	10920
TATCCA	10915
AAGGCC	10912
ACACGT	10911
AACCGT	10911
GTCTAA	10902
AATTGT	10898
TATGGA	10893
CGAGCG	10891
ACCACC	10891
CTGGAG	10889
GTGATA	10884
CTGCAG	10865
GGCCTG	10863
ACAGGC	10852
TCACAC	10845
GCATGG	10842
CAAGGA	10832
AAGGAG	10828
CAGACC	10826
GGCTGC	10822
CAAATT	10820
GCCCTG	10817
TGGGTG	10810
GTGGCC	10807
AAGCTA	10804
ATGGCA	10799
GGGGAA	10793
CGCCAA	10784
CCTGAG	10775
CAAGTA	10765
TGGATT	10759
GGCGAC	10759
AGGAGT	10758
ACGCCG	10756
GCAACT	10753
TCTGCC	10745
GTAGCG	10744
CCTACA	10734
AACGCA	10719
ATGCAG	10716
GCTCAG	10715
CGTACC	10713
AGATGA	10708
AACTTG	10704
ACGCGT	10699
ACTTTG	10678
ATGTCT	10674
CATTGG	10647
ACGAAC	10632
TACAAA	10626
TGGTTC	10624
CGTTAA	10620
CACTCC	10614
CGCTCT	10608
ATATTC	10603
CAGAGG	10601
ACAAAG	10596
ATTACC	10587
AATGGA	10578
CGTGGA	10575
GGTTAC	10567
TTCTTA	10564
CGCCTC	10558
AGGACG	10557
ACTGGT	10556
AAGCGC	10548
CATGTG	10537
GCAATT	10533
AGATGT	10528
AATGGC	10515
CATGTC	10507
GAATAT	10506
TCTGAA	10501
TACGAA	10493
TAAGAA	10484
TAACAG	10482
AGGTTT	10463
TCTCAT	10445
CTTTCT	10441
AGGAAC	10438
CGTATT	10437
CCTCAA	10417
CAACTG	10417
AAAGTG	10416
CAGTTA	10414
GATTTC	10409
GAATTA	10407
AGTCAC	10404
ATAAGT	10404
TGTTAC	10394
AAATCC	10392
GGCTCA	10384
ACGAAA	10373
AGTCCT	10371
CCGACT	10371
GATTTT	10362
TACATC	10360
GCCGAC	10359
TGAGAT	10356
TCCAGC	10354
ACCGCT	10345
GGCCGT	10337
AGCGGT	10337
CAGTGT	10334
TGCATG	10331
GCCACA	10327
ACCAAG	10321
AGCAGT	10290
CTCCAG	10281
GCCGCC	10278
CGGAGG	10260
GACCAC	10247
AATGTG	10243
AGCCGC	10237
TGCGTT	10218
CTTCAA	10213
TACCAA	10211
AAGTGG	10209
AGCCTG	10200
AATGGT	10192
TTTTTC	10182
ACCGCC	10173
ACCAGT	10167
CTTAAA	10165
CGCTGC	10163
GACCGC	10163
AGGAGC	10162
TAGAGC	10161
TGATTG	10159
CATTAC	10152
CGTACG	10130
CTTATC	10123
TGAACG	10122
GCCGAG	10122
TACACA	10120
AATGAT	10118
AAACCT	10110
ACACCA	10110
GAATGG	10109
CATATA	10105
CACGAA	10086
TTAGCC	10078
GATAAT	10075
TTACCT	10074
CCGCCA	10071
GAAATC	10069
GGTTCC	10069
TTGACC	10067
CTAAAA	10064
TAAAAC	10062
CCTCCT	10062
ACCTGT	10060
GCCAAT	10056
GTTACT	10044
TGGGAG	10039
TTGGAG	10028
GGAGAG	10027
CTAAAT	10024
ATTGAC	10013
AACCTC	10012
TTCATT	10004
TAGCAG	10000
AGCAAC	9994
GCATAC	9977
TTGAGG	9965
CCAATC	9965
GTGGAT	9963
CCAGCC	9959
AATACG	9958
TTAAGT	9955
TTTTCC	9954
CCTGAC	9952
ACACTC	9945
TGTCTG	9940
AAGGAA	9935
GTAGAG	9933
ATCGGT	9932
ACAACT	9911
ACACGC	9903
TGCTTT	9903
CTTCCT	9903
GTGTGA	9901
GCGTTT	9901
CGGGAG	9895
AGACGA	9894
ACAATT	9883
CGCCGC	9845
GGCAGC	9839
GCTCAA	9836
GCTGCC	9832
CGTCCC	9826
TGTCCA	9824
AGTATT	9820
ATGAGC	9815
GATTAG	9800
GTTAAA	9792
GTCTGT	9788
CGTTCA	9785
ATGCTC	9781
TACCTG	9779
CACTTA	9775
GGCCAC	9773
GTATCC	9770
GGCTAA	9769
ATGACA	9761
ATACTC	9759
GCAACG	9751
TCTGCA	9747
GGAGCA	9740
CGTGTA	9737
CATGCC	9728
GCGCTT	9726
GAGTAA	9725
TCTAAA	9719
ATACAA	9719
CGATGA	9718
CAAAGG	9716
CATAGA	9707
CAGTTT	9706
GTTCCA	9701
TGTTGT	9698
GTTGAA	9689
TTGCAT	9685
CACGTA	9676
GGTGGT	9675
AAGGCG	9643
GCTCAT	9634
ATATTT	9630
GTAACC	9626
TTGAAC	9621
TCCATG	9619
CATCCC	9610
CCGTGT	9608
GTGGCA	9603
TGGTAG	9598
TTACTG	9589
CTCAAC	9583
GCTTGT	9572
TGTGTC	9569
CAATGT	9567
TCGGCA	9567
TATAGA	9565
CCGGCG	9559
AAGAGT	9556
TTGACT	9552
ATTGAG	9547
GCGTCA	9544
CTTTGA	9542
TATGCG	9541
CCAATA	9536
CGCAAT	9534
AATTAA	9530
TAGCTT	9511
TTTTGG	9510
TATATG	9506
TTCGAT	9485
GTTCAT	9482
AGACTC	9475
TTCACG	9467
TTCCTC	9465
CACACG	9459
AACGTC	9444
TGCAGC	9441
CGTCAC	9439
AACTAT	9433
GAATGA	9432
CCTCAG	9424
GCCTGT	9416
CTTATT	9411
TGGTGT	9396
TTGTTT	9392
GTTGGA	9376
ATGACG	9376
TTAACT	9374
GTTTAC	9365
ACGTGA	9358
TTTCTA	9355
GGTCTA	9353
CCAATG	9349
CTGAAA	9346
TCATAG	9345
CACGAC	9344
TCAAGG	9339
TTCTTT	9325
AATCCC	9323
AACTTT	9315
AGTCAG	9313
GATATG	9313
TCACGC	9310
TCACGA	9306
TTAAGG	9302
ACTGCA	9284
TCTCAA	9277
TTAAAC	9272
TCATGC	9267
ATGCCA	9265
TCTGTC	9256
AAACTT	9243
TTGCTA	9242
CATGAG	9236
GAGTTT	9235
TAGTTG	9216
CATAAC	9216
CTGTTC	9194
CACCTC	9194
CGTTTA	9182
CTGCTA	9182
GTTGAT	9180
TCATTG	9163
GTATAA	9161
TAAAGT	9155
TAGGAA	9153
CGTGAA	9146
GGTGCT	9142
TGACGT	9139
CCCTGC	9137
AGATTA	9131
GCAACA	9130
CACAAC	9119
AGTGGC	9117
ACATAG	9109
ATTGGC	9094
ATAGAT	9093
AGTGGA	9087
ATAAGG	9084
GCCAAA	9082
AAGACA	9077
GATGTG	9066
TACACG	9066
ATCTGT	9046
CGTTAT	9045
GATACC	9027
AATTAC	9027
TTGGTG	9024
CGATAC	9023
CTCAGC	9019
TGCCCA	9017
CTGAAC	9014
ATATGG	9009
TGGCTA	9007
ACGGAA	9006
GAACAC	9001
TACTCA	8998
CACCTG	8977
ATTTGA	8977
ACGTCA	8974
TACGTT	8971
CGAAGG	8961
AGGTAA	8960
ACCTCA	8960
TGTGCC	8960
TTGGTA	8958
CAAACC	8954
GGTCCT	8953
GAGGCC	8950
TTACTC	8942
TGCCTG	8937
TATGTG	8929
CATTTA	8922
TTTAGA	8903
AGTGAG	8896
CCGCTG	8895
AATTAG	8889
CTTGAC	8879
GTATGT	8860
CTGTGT	8859
GAAGAC	8856
TGCATA	8854
TGGTCT	8852
TGAGCC	8850
TTTTTT	8847
CACGCT	8834
GCCAGT	8834
ATAATT	8834
ATGGCT	8831
TGTGAG	8828
GCGCCA	8823
TTCGGC	8814
CTAACC	8801
GGTAGC	8798
ACAACC	8786
CATGTT	8781
CACTGT	8780
CCTTTC	8779
GGTACG	8776
TTAGCA	8755
TTGATT	8754
TGAGGT	8753
CGCAAC	8753
GAAATT	8724
CGGTGA	8715
TTTGTC	8713
GTGGGG	8712
TTACTA	8710
GGCGCC	8707
CTATGA	8699
CTCTTA	8692
CAGGTG	8689
TTTTCG	8686
ACGGCC	8685
TACTAA	8672
CGTTTC	8672
CTGAGC	8669
TTGAGA	8661
GATTGG	8660
TCACGT	8657
TTCAGA	8650
CTCTGC	8646
AATCGC	8645
GAACTC	8638
GATAAG	8637
TGCTAC	8635
CATCGC	8632
GGCTTC	8626
TAAAAG	8618
GATGGG	8605
GCTCTC	8603
AGAGCT	8603
AGGTAC	8601
CTCTTC	8599
CTGAGG	8591
CAACTA	8591
ATTGTG	8590
TCCATT	8583
TCTTAA	8582
TGGCGT	8581
CTTGGA	8580
GAGTGG	8577
ACCTGC	8567
GCAAAG	8562
CGGCGG	8559
ATTTCA	8558
TTCCCA	8541
GATAAC	8540
CATAGC	8540
AGGATG	8537
CACTTT	8532
TCATAA	8529
CCTCAC	8526
GCATTC	8525
TGAGTG	8524
TGAGTA	8508
TTTGGC	8495
GTGACG	8494
AGGTTA	8493
TCCTTG	8479
GCCTCA	8456
GTAATT	8452
TAACGT	8451
GTCCAT	8448
CTCGGT	8447
TTGCGA	8442
TTCCTA	8442
TGAACC	8435
AAACTA	8432
GCTCCT	8431
TGAGCA	8428
AATAGA	8427
CGGATT	8422
CACAAT	8420
ATGTCA	8407
TCCATA	8394
ATGCGC	8382
TCCAAC	8375
CCCTCC	8370
CAGGGC	8368
TTCGCT	8364
TCGTCA	8354
CAGTTC	8352
AAATTG	8351
CCAAAG	8350
TGCTGT	8346
CACCCA	8342
TGAGAG	8341
TAGAGG	8338
CTTGGC	8336
TAAACC	8326
ACCGGA	8319
TAAGTG	8305
GGCGGT	8296
ACAGTC	8281
GGATTA	8272
AGTCTG	8270
AGAGAA	8269
ACATTC	8259
GTTGTG	8246
GACGTC	8227
CACCGC	8206
GGAACC	8191
CTACCA	8188
TGTCGC	8185
GAAGCG	8179
TACGCT	8175
TGAACT	8172
TTACCG	8170
AAGTCC	8158
GACTTG	8147
AACACG	8146
GTATTG	8143
CCACAA	8143
AGAACC	8140
CCCATT	8136
CGAAGT	8132
AAGCCA	8132
CGCCGT	8125
TGGTTA	8109
TGGCAG	8101
TATGAT	8091
GGAGGA	8078
CCCAAT	8078
CCATCC	8074
TGTCAT	8068
AGGACT	8068
GTGCTC	8066
CAAAAG	8066
GTTGCG	8059
GTGAAA	8052
ACGTAT	8050
CGCGAT	8045
CACAGG	8038
CTGTCT	8033
GCCTGA	8029
CAAGTC	8029
GACGAA	8028
GCGTGA	8025
TTAAGA	8023
CGAGCA	8021
TATCTT	8016
AGTGGT	8000
CAGGAC	7992
TGTGTA	7989
TTACTT	7987
ATGCTA	7978
CGGCTC	7976
ACGGTT	7971
ACGCCA	7955
GAGTCA	7947
AAGATA	7946
GTGTAG	7945
GTAACA	7920
TGCACA	7918
GACGAT	7917
ACTTCC	7914
GCTTGA	7912
GATGGA	7912
GTTGGC	7909
GAAGGG	7906
ACGATG	7905
ATGAAT	7902
GTAAAC	7886
AGCTGC	7873
AAGTCT	7864
ATTTAT	7864
TTGAAG	7864
TTGGCG	7864
GCTCAC	7861
ATTGCC	7859
GAAACG	7858
GGATAC	7856
CTTGTT	7849
CAGGGG	7846
GTCGCA	7842
TCGCCA	7840
AAGCGA	7835
GAGCAT	7834
AGTCGC	7828
CACAGT	7828
GAATAA	7826
TTCAAC	7823
TACCGA	7820
GGAAAT	7818
GTCCGG	7815
CACGAG	7813
CCGAGA	7811
CTTTGT	7810
TTTGTA	7807
TGCGAT	7805
TAGATA	7791
GTCCCC	7779
GACATG	7776
CTCCTT	7773
ACCACT	7773
CCGTCT	7769
CTGGAA	7763
GCATTA	7761
AGTTTA	7750
CGCTCG	7745
CGGCGA	7744
TGTGCA	7743
AGCGTA	7741
TATCGA	7729
GTGTTA	7725
TACCCT	7723
TGTATC	7720
CTCCCT	7716
CGAACA	7713
GTCGTT	7706
TTTTCA	7703
CCCTTC	7700
TTGTGG	7697
CCCCTT	7693
TTGGCT	7691
ACACTG	7688
GAAGGT	7687
TGACTG	7686
CTCCTA	7682
CAGTGA	7671
TGGAAC	7668
CCAGAG	7668
GCAGTC	7665
ACACAG	7658
CGAAAG	7653
ACCCTA	7648
CATGCG	7634
ACTTGA	7632
TGTGTT	7630
TACATA	7624
TTTACG	7623
GAGCAC	7622
CGCCTT	7620
GAGATC	7615
GGAAGT	7612
ATTGCA	7606
AACAGT	7603
CACAAG	7602
GTCACG	7600
AATTTG	7597
CGTTGG	7590
AGATAA	7584
GGAGGG	7579
GCACGT	7568
AAGTTT	7568
TGTGGT	7567
AGAGCA	7558
AGCTAA	7551
GCCTAT	7550
TGTGAA	7545
GTTTCA	7537
GCTAAT	7529
AGTTCG	7527
CTGTAA	7518
TGCCTA	7517
GTGGTT	7505
GCTCCC	7502
TTTAGG	7501
ACTGGA	7494
CTCTAC	7489
ACGACG	7481
AAGGGG	7457
CGGTAA	7457
AGACAC	7451
GTAGCA	7443
TATTTG	7440
CGACCC	7433
ATGACC	7427
GCTCGC	7416
AGAGGG	7408
ATACGC	7405
GAAGTA	7403
GTGGTC	7401
CTTCCC	7396
CTGTTA	7392
CCTAAT	7385
CGTAAA	7384
CTGTTT	7382
TGAAGC	7377
GGTATC	7375
GACAGG	7365
ATGGGT	7360
ACTTTA	7357
TCTCTC	7341
TCCACG	7334
AGCTTC	7329
CGAACC	7327
TTATAT	7327
TCAGGG	7322
GTTCTC	7318
GCTCTA	7318
CCTCCC	7308
AGTCTC	7303
TAATGA	7296
CCCGGC	7288
GTACCC	7287
GTTGCT	7283
TGAAGT	7276
GACGCG	7276
ACGGCA	7275
GGATGC	7261
AACCCC	7251
GGCGAT	7241
ACCACA	7238
TGCAGT	7236
CGGCAC	7210
CAGCTG	7204
ATTACT	7203
ATTCAT	7200
GTGACA	7197
GGAGAA	7194
ATGGAT	7194
TCCGGT	7183
TTTGCG	7180
ATATCC	7159
TTATAC	7149
AACGAA	7143
CGGCCT	7140
AACGAG	7139
GCGAAC	7130
ATACGT	7129
CACCAC	7125
GGAATG	7122
GTTATG	7120
TTCGTA	7119
AGACCT	7112
CGACAG	7101
TGTGCT	7095
GGGATT	7087
CCTAAC	7085
GTCTCA	7077
AGGCCG	7077
AGGCAG	7073
GCTTTC	7067
CCTCTC	7062
TCAGGC	7062
CACTGG	7061
CCCATC	7059
GTCAGG	7057
CGAATA	7054
GTCCAC	7052
GGAAGG	7046
CTACTT	7035
CTGCCA	7032
ATGTGC	7030
TAGGAG	7027
CTTTTC	7021
CCTTCC	7017
CAACAC	7008
GGTCAC	7007
GGATAA	7004
CTTTTA	7000
TACTTG	6997
GGTAAT	6984
GCTGAG	6982
GAAGCT	6980
CTGGAC	6975
TGCTCG	6974
TGCGAC	6969
TTAGTG	6965
AAGACT	6963
AGACCC	6962
GCGGCT	6951
ATCTTT	6951
ATCTCG	6949
TACCTC	6945
ATGCCC	6945
TGTAAA	6930
GCTCGA	6926
CCCGAC	6923
CACTAT	6922
GCGATG	6916
ACAGAC	6913
AGTGTG	6900
ACCAGG	6895
CGACGA	6888
TAGTCA	6886
AAGTGC	6882
CTCAGT	6881
CGCCAC	6881
GTATCG	6880
TGTCAG	6880
GGATAT	6877
GAGCCG	6874
CCTCTA	6874
CGAACT	6874
AGCGAC	6866
CTATTA	6859
CGGGAT	6853
AGATTC	6853
AATTGG	6851
TTGGAA	6850
TAAGTT	6835
CACAGC	6823
AAGTGT	6822
AGCTCT	6812
TTATGA	6811
TTTCAA	6810
TTCGGG	6810
ATCTCA	6807
CCACAC	6803
GCTGCG	6801
TCGGCG	6799
ATCAGT	6797
TGCCAG	6793
ACGAGC	6789
CCTGTC	6784
TGGACC	6780
CTTTGG	6776
TAGCGG	6756
TGCGTA	6751
GTCTGC	6745
CACGGC	6744
CGAGTA	6740
TGGCTT	6731
GATGCA	6730
CAGGAT	6729
GTCCAG	6729
GACATA	6726
TCTATT	6721
TCGTGA	6719
TCACAT	6718
GAGGAA	6708
GAGGTT	6707
ACCTTC	6704
TTATCC	6703
ATCGCG	6701
TAACGC	6699
TAATAG	6698
TGCACT	6695
GAATTG	6692
TCAAGC	6686
CCTGCG	6684
CGATGG	6684
TCACTT	6682
CTGAGA	6672
TACAGC	6670
CTCATG	6669
CGGAGC	6668
ACGAGT	6665
CGTGCC	6664
AGTAAT	6661
TCCTCC	6653
CTTAGG	6636
GACAGC	6635
AGTGCC	6632
TGGATA	6624
CCTTAT	6620
TAAGGC	6619
GAATTT	6606
ACGAAG	6604
TATGTC	6592
GTCCGC	6591
GCTTAG	6581
TCAGTG	6581
ATGGAC	6577
TGTAAC	6576
CCACGG	6570
TGTCCC	6568
TTCTCT	6565
TCAAGT	6563
CCTTCG	6557
CCAACT	6556
ATCGTC	6548
TATGTA	6545
CAGCGC	6545
CGGAGT	6537
TCGGTA	6537
CGGCCA	6536
ATAACT	6530
GCGTTC	6529
TCAGTC	6527
TTCGTG	6524
GTTTAA	6522
GTTCGC	6521
CTAATT	6516
TAAATG	6516
TCTCCA	6516
CAGCTC	6504
TACGCG	6499
AGTTGA	6499
TGCATC	6494
GTCTAT	6489
GTCCAA	6487
TCCCGA	6487
TCATTA	6486
ATAGGT	6482
AGGTGC	6479
CCTCGC	6478
ACATTG	6477
TTCGTC	6476
ATTCTC	6476
GTCGCT	6470
AGAGAC	6470
GGTCGG	6454
ATGTAT	6449
ATCTAT	6447
ACCGAT	6447
GCCTAC	6443
GTCTAC	6435
CAGTTG	6431
CTGTGA	6424
TAAGGA	6420
AAGACC	6412
CCCCCA	6410
TCACTG	6400
AAAGAT	6391
TCTTTG	6387
TCGATA	6386
TACGTG	6384
GTGCAG	6383
ATCTGG	6382
ACTTCA	6371
TTGTCA	6367
TATGAA	6367
TCTTAC	6366
TTAACG	6360
CCCCTC	6354
GCGTTA	6351
CTGACA	6350
AGGTAT	6350
TATACC	6348
ATCGCA	6342
GCCTTG	6340
GGAGTA	6339
TCCCTC	6338
TCATCG	6332
CTCCCA	6329
CATGTA	6328
CACCGG	6327
CAACTC	6326
CTTGGG	6317
CCGATT	6310
ATTGAA	6296
ACTTAT	6294
ATATGC	6293
TTCTCC	6291
TAGCGT	6290
CCGACG	6283
GTTAAG	6282
CCGTGG	6278
CCTGGT	6277
GGGTAC	6270
TCTGCG	6261
TATTCC	6253
ACGTTA	6252
ACGGGG	6252
TGCTCT	6251
TGGAGT	6249
CAAGCC	6232
GATGCC	6230
TTATCT	6213
CGACGT	6208
GGCACA	6202
TAGACG	6201
GTGAGG	6196
TACTCG	6194
TTCAGG	6192
GGCAGT	6188
TGACCT	6187
AACCCA	6187
TCCTGT	6186
GCGAGT	6185
GAGGTG	6183
GTTGCC	6166
AGCATG	6163
CTATTC	6158
GCCACT	6156
ACACAA	6155
GCCAAC	6147
AGAACA	6145
TCTCTA	6141
GAGACT	6136
CTCCAC	6131
ACGCGA	6131
CCCTCT	6130
CCTCTG	6130
GGGGGT	6118
GTCGAG	6101
CCGTTC	6100
CCTTTG	6096
GGTCCA	6095
TGTCTT	6094
CTGAGT	6092
GGTCAT	6090
CCGATA	6085
TCGCGT	6082
GACCTA	6078
CTACCG	6074
CTAGAC	6070
CGGCTG	6064
GCCACG	6058
CTATCA	6050
ACTGAG	6043
ACTCAG	6042
TTGCCA	6034
CTTTCG	6031
TGATAG	6028
TATATT	6018
GTGAGC	6008
AGCGCA	6006
CGGTAG	6002
AGCTCC	5999
GGTGTC	5994
AGCACA	5988
CTAACG	5980
CGTCGG	5978
CACGCG	5973
GACACA	5972
CGTGTT	5966
GAGAAC	5964
GCCGCG	5963
GTAGGA	5963
GTAGGC	5959
CTAATC	5955
CAGAGT	5953
GAACGC	5952
AACTCC	5952
GGTTCT	5940
AGCTAC	5936
TACTTT	5934
TTGAGC	5927
GACTGG	5927
CTCCGG	5912
ACCTAT	5912
CTATAG	5908
GTGTGC	5906
CAGCCG	5905
TGGGTT	5904
AGGCAA	5898
TCCTCA	5893
TTCATA	5878
GGACGA	5872
TTTGTG	5870
ACAAAC	5850
TGCGGC	5848
ACGCGG	5845
CTATGT	5839
TCTATG	5838
ACTTGG	5828
AATCCT	5826
CTGTCG	5825
TCAGTT	5823
GCGAAT	5808
GGCGCA	5806
ATTATA	5795
CCTAGA	5795
CGACTC	5793
GCCCTC	5791
AGTTAT	5786
TCGCTT	5782
CCAACG	5779
CGTATC	5776
TGCACC	5776
CATGGG	5775
CCTGTG	5766
TAGGTC	5765
CTACAA	5760
ATGTGA	5753
GAGTGT	5751
CCGTTG	5745
GTGTTT	5744
TTGCCG	5743
GCCTTT	5742
ACCTCC	5742
TATTGT	5740
ATTACA	5739
CGTCGT	5739
ACGACA	5731
TGGCCG	5731
ACCCCC	5729
GCCCGG	5728
ATACAT	5727
TCTACA	5727
TAACAT	5725
ATCGTG	5725
ACGTGC	5721
GTCTCC	5720
CCGCGG	5720
GATGGC	5711
TCTGGC	5709
GCACAA	5707
GACCTC	5705
TTAGCG	5703
CGGGGT	5698
AGAGTG	5686
AGATAC	5684
CGTCTA	5673
TAGCCT	5669
TAGTCG	5667
GGATGG	5666
TGTACC	5662
GAAAGC	5640
GCGATA	5638
CGAGAG	5637
GCTTAC	5635
GAGAAT	5633
TACGGA	5632
TCCAGA	5627
AGTTCA	5625
GTGTTC	5623
GCTGAC	5620
CCACCG	5618
GTGCTA	5614
GATACA	5608
GCGACC	5605
CGTGCT	5604
GTTCAC	5595
GACTAC	5592
ACGAAT	5592
GGAGAC	5590
TCCCCC	5587
GTAGCT	5583
CGGACG	5582
TACAGG	5579
CTGCAC	5578
TTACAG	5578
ACTTGC	5577
TCTAGT	5576
GCTATG	5575
TAGGTG	5575
ACCGAA	5570
ATTCGT	5564
TGCCTC	5561
ACATGG	5547
GTGGAC	5541
CGCCCT	5539
ACGGAG	5534
AGTTCC	5534
GCAGCC	5521
CTCTCA	5515
AGTTAG	5505
AATCGA	5501
ACAATC	5501
CGCTGG	5493
ACACTA	5493
CACGGA	5492
CCAAGT	5487
ACATCT	5483
GTGCAC	5467
TATTAG	5455
ATGGGA	5453
AAGCCG	5445
TCAGGT	5442
CTTCGA	5440
CCCAGC	5438
TCTATA	5436
ACTCAC	5432
ATGGCC	5432
CACCCT	5416
CACCTA	5412
TATGCC	5408
TCGCAA	5405
CCCATG	5403
CTGGGG	5402
ACCTAC	5401
GTTAGG	5390
CGCCGG	5387
CGGCTT	5387
CGCGAA	5387
TAGATG	5386
GCGTCG	5386
CTAAGC	5383
AACCGC	5380
TAGCGA	5377
CTAGGA	5367
CCCAAG	5364
TGGCTC	5363
CGGTTG	5353
CGCGCT	5350
CAGAGC	5344
AGAATA	5343
AGCATA	5339
CCTAAG	5333
TACGCA	5330
CCGGAG	5323
AGTACC	5320
GTTACA	5307
GTCGTG	5300
CGCCCC	5297
CGTGCA	5296
ACCGCA	5290
TAAGGT	5289
ATCATT	5284
ACTTCG	5280
CCCGTC	5262
TTAGCT	5261
GTCACT	5255
GGTGCA	5253
TCCCCT	5249
CAACCC	5247
TCCCTA	5246
AATACA	5236
CTCCGC	5234
AGAGGT	5234
GCACCT	5228
CTCAAG	5227
GTAAAT	5227
CTGTCA	5214
ACATCC	5211
ACCCCA	5210
TGTCCT	5205
CACCCC	5201
TTCACC	5197
ACGGTA	5186
CTGTGC	5173
GGAGTC	5161
TTGTCT	5158
ACCCGA	5154
GAGCTG	5154
TGTCGT	5153
TAGTGC	5143
ATATGA	5142
AGGGAT	5140
GTAATG	5138
TTTGCC	5130
TATCTA	5127
TTGTGC	5118
GCAGGG	5117
TTGTGT	5114
GTGGTA	5114
CCTGTA	5114
TTGGCA	5109
CTCGTT	5097
CGATGT	5096
TACATG	5094
ACTATG	5094
AGGTAG	5092
GACTTA	5088
AGTGCA	5078
GCTGGG	5077
GCCTGC	5065
AGTTAC	5061
CGACCT	5061
GTTGTC	5052
TTTGCT	5036
AGGACA	5026
TGTACA	5024
TATGAG	5024
CCAGGT	5010
GTAATA	5009
GCTGTC	5005
GTAGAA	5004
GTACGT	4999
TGGTAC	4989
GTAAGA	4987
TTACCC	4983
TGCGGT	4975
GTATTA	4974
CTGCGA	4970
CGAAAC	4969
GGAAGA	4966
CAATTA	4964
GCATCT	4962
TCCTTA	4960
ATCCTC	4957
AAGTAC	4956
CCCACC	4953
ATTTGC	4949
CGTGAG	4948
TACGAC	4945
GGACAC	4943
CCACCT	4933
TACTCC	4927
ATCCCC	4919
GTTTGC	4917
TATAAG	4914
ATGACT	4909
GGCGGA	4906
GAGGTA	4901
AACGAC	4898
ATAGAC	4896
TGGAGC	4895
GATACG	4894
ATACCT	4891
TTATAA	4886
CCGAGG	4885
TCTGTG	4885
CCACGT	4882
GACCGA	4880
CGTCGC	4873
TACATT	4868
CTACTC	4863
CTGCGC	4863
CCCCTG	4858
CTACAC	4853
CGAATC	4850
CGACTA	4840
AGGGAG	4839
TAGAGT	4834
CCAGTG	4829
ATGGGC	4824
CCGTAC	4821
ACGCAC	4815
TTCCAC	4811
TGTAGA	4809
TTACGA	4809
CTACCT	4806
CGTACA	4805
TATGCT	4803
AAAGGC	4796
CTTACC	4796
CGCTTA	4787
CTCTGG	4786
TCGCAG	4786
TCATGT	4781
CCAGTA	4773
GGCCCC	4770
CTACAT	4762
CTATAA	4752
GTGTAC	4747
TCGCGA	4743
CGCTCA	4742
CGGACA	4739
CTTGTG	4736
AGGCTA	4735
ATCCTG	4733
GGACAG	4732
GTACAC	4730
TGCCCG	4729
GCTTCA	4725
CGTGTC	4719
CGATTA	4717
GGCTGT	4713
GCCTCG	4708
ATCTTC	4706
ACGCTA	4703
ATTCGC	4702
GGTGTT	4701
AGGAAT	4698
CTTCAC	4684
ACGATA	4681
CCACTA	4681
GCCCCG	4676
ATCCCA	4673
TCCTAC	4671
TGATCA	4663
CTTGAG	4663
TCTACC	4661
GCGAGC	4658
CCCACA	4653
GGGTAA	4652
AAGAAT	4647
TCGCTG	4646
TAAGCG	4646
CGAACG	4644
AGACTG	4642
AGGTGT	4632
GAGGGC	4631
GGACGG	4629
GCCCCT	4627
TGCACG	4622
CGTCTC	4622
GCACAG	4618
GCCCAT	4617
CCAGTC	4616
TAGCTC	4614
CTCCCG	4609
ACGTGG	4596
TGCGCC	4584
TCACTC	4583
TGCGCG	4583
GCGCTC	4580
CATAGG	4579
GGCATA	4578
GACACC	4576
TTTATA	4572
CACTAC	4571
AGGTGG	4571
CGTTCG	4569
TACTAC	4565
AAGGTT	4563
CGACAT	4563
TACAGA	4563
GAAAGT	4560
TATACA	4560
GTCTGA	4559
GCGCAA	4557
GAGTAG	4556
GATGAT	4554
TGAAAG	4551
TCCAGT	4550
CTCTGT	4548
TAGCTG	4547
CGATTG	4541
ACTGTG	4535
TTCACA	4535
CGTAAC	4533
CCATAG	4532
AGTGAC	4530
ATCGGC	4528
CGTCCG	4527
CCCTCG	4527
ACATGT	4524
GATTAC	4524
GCCCAG	4523
GACGGG	4522
GACCTG	4522
TGTTCG	4520
TCCGCA	4518
CTGGGA	4503
GCACAC	4497
AGTGCT	4491
ACTAAC	4485
CATCTA	4482
CGTCCA	4480
CCCACT	4480
CCCTGT	4478
CAGATC	4477
GGGAAA	4476
CCACTC	4475
ACATAT	4464
TACGCC	4463
ACGTAC	4458
TTGCCC	4453
TTTCAG	4446
CGCGGT	4445
TCCCCA	4438
GGGCAT	4418
AGCCCC	4414
GCTGTG	4410
TATAGT	4407
CAGTCT	4404
CTCCAT	4399
CGATTC	4393
TAGAAG	4392
GTGGAG	4385
ATAGGC	4377
GACTAA	4373
ACGCCC	4372
TCAACT	4372
CAGCTA	4369
TATAGG	4366
GTAGTG	4355
GTACTG	4347
CGCATC	4342
AGAGTT	4336
GACCCC	4334
GTATTC	4328
ATTTAC	4324
CTGTAC	4319
TACGGG	4316
CTCATA	4310
GTGTGG	4310
GCGTCC	4301
ATATGT	4298
CCGGTT	4297
TTCCCC	4295
GTGAGT	4294
GGGACA	4293
CCCCAC	4291
TTACAT	4289
GTTAGT	4286
TCACCC	4285
TTGCGC	4280
CCTAAA	4275
ATGCAC	4271
GCTCTG	4267
GAGGGG	4260
CGTTAG	4252
CATTGA	4246
TTTCGC	4245
TACCCG	4242
TCATAT	4238
GTATCA	4236
TACCCC	4234
GTGAAG	4234
AACCTA	4222
AGGTCA	4221
TGATAC	4218
GTTACC	4214
CCCCCT	4213
CAGACG	4211
TGTCCG	4211
TTAGGA	4205
ATCCGC	4194
GCGGAA	4193
ACCTCT	4180
CCGACC	4176
GCGGTT	4172
CATATG	4172
CTGGCT	4164
TTTCGA	4159
TCGTTA	4156
CGGGTA	4154
AGGGCT	4149
AAGGGT	4149
GCGACT	4148
ATGTCC	4148
TCGAAG	4135
CGTCGA	4135
TAGTGG	4134
CGAATT	4134
CAAGTG	4125
TCTCCC	4124
GCAGGC	4121
ATATCG	4114
ATGGAG	4112
ATCCGG	4104
ATCTTA	4099
CACGTC	4097
ATCGCT	4095
GTTGGG	4095
GAGGAT	4093
TCGAAA	4090
TGCGCA	4082
TGCCTT	4074
AACCTT	4063
GGTACT	4057
GCGAAA	4054
AGTCGA	4051
GGTAGA	4041
GCGACG	4027
TTAGTC	4019
CCCATA	4015
AAGCCC	4013
GGGCAA	4008
GAGTTC	4006
ACCTGG	4003
TGAGCG	4000
GAGTTG	3970
AGGCCT	3968
TAGGCG	3961
AAGTCG	3953
AGCACG	3952
ACTCGC	3948
ACGATT	3942
ATAGCC	3937
TCACTA	3936
ACTTTC	3934
GCGAGG	3933
CCAGAC	3928
GGCCTA	3923
ATCCTA	3923
AGGCAC	3921
CTAATA	3921
CAGGTC	3920
TCTGGA	3919
AATGGG	3917
TAGTGA	3917
ACGTAA	3912
ATGTAA	3907
AACTAG	3905
ACGGTG	3901
AGCCGA	3899
GCAACC	3897
GCGGTC	3895
CGGAAC	3894
CAGCCC	3894
TCGCTA	3891
GATCTG	3891
TATAAA	3887
CGCGCA	3877
CGAAAT	3876
ATCGGA	3874
ACATGC	3874
GTAACT	3873
TAAGTA	3871
CAGTGC	3865
TATATA	3862
TGTATT	3861
CCCTGG	3857
GAATAG	3854
GTCTGG	3852
TCGTTC	3852
CTTGTC	3849
GTGACC	3845
CTAACT	3843
ATAGCT	3841
GTCGCG	3838
CCTCCG	3834
AGGATT	3822
GATGCG	3817
TTTCCC	3815
GGAGGT	3813
CTTAGA	3812
CCCCGA	3801
TGTGAT	3795
CGTCTG	3782
TCGACG	3782
GGGTCA	3777
ACTGCC	3775
TTAGTT	3775
TAGATC	3762
AACTAC	3756
AGATAG	3750
NCCCCC	3747
GCGCAG	3741
TCTGTA	3733
CCGGGC	3727
GTCGAA	3725
CTCGAT	3724
GTTAGA	3721
GAATAC	3720
GCGGTG	3720
TATTCG	3719
AATTGC	3714
ACTTGT	3711
GCAGTG	3708
AGGGGG	3698
TGCGAG	3694
CAGTAC	3691
CTCGAG	3676
GGTTCA	3676
CGGATA	3672
CTATGG	3670
GGCCAA	3664
CCGCTA	3663
GGGTGA	3662
CCTCGA	3661
GGCTGA	3661
ATCGAG	3654
ATGATA	3653
AGTCGT	3651
GGAGCT	3631
GGCGAA	3622
CCAGGG	3622
ATTGTC	3618
TTTGGG	3618
CCACGC	3613
ACACCT	3611
GTGTCA	3606
TCCCAT	3605
TCGTGC	3604
AGCACT	3604
CGCACG	3598
AATTCC	3598
AGACGC	3584
ACTCCA	3582
TTACGG	3581
AATTCG	3575
TCCACC	3566
GGTTGC	3564
GCTCCG	3562
CTTCGC	3554
GAGCTA	3551
CCACGA	3547
CATCGG	3539
CCCAAC	3536
CGTTAC	3536
GTAGGT	3534
ACGGGA	3532
ACGGCT	3531
GCATCC	3529
CCACAG	3527
TGTACT	3524
ACACCC	3518
TTACGC	3514
CACTTG	3511
AGCGAG	3510
TGTATA	3508
AGCCCA	3507
ATCCCT	3503
TCTTAG	3497
TAAGAC	3496
CTTTTG	3468
TTCGCG	3466
GATGTC	3463
CCACCC	3455
GTAGTC	3450
CTTCGT	3445
GCCCCC	3439
TCACAG	3436
TTGCGG	3434
TAAGGG	3432
CAAGAC	3431
CTGGGT	3430
CGTGCG	3428
CCGGTG	3419
TGTACG	3419
CTCTCG	3418
GGCACT	3418
GTGTCC	3407
CTAGTT	3401
AGTGAT	3399
CTCTGA	3396
GAGGAC	3396
CCGATG	3394
ACCCAG	3390
TTTACA	3387
AGTATA	3377
ACACAT	3373
TCGGTT	3371
GTAAGC	3363
GTAGAC	3363
AGCTCG	3362
CCTACC	3355
GGGGTA	3348
CCCCGT	3347
GAAACT	3341
CATTCC	3340
TCCGCT	3340
GCGCTG	3338
AATGTA	3336
TTCGGA	3334
TTCGAC	3332
CGAGCT	3324
GGTCTC	3324
AAGTAG	3323
TGCGCT	3321
TCCACA	3313
CCTAGT	3307
AGACCG	3306
GCGACA	3306
GCTATC	3305
AATGCG	3298
ACGACT	3297
TGGAAT	3289
AGGGAA	3287
GTGGTG	3285
GCACCG	3282
CACGAT	3281
GGATGT	3279
TGTGCG	3270
AGTCTA	3270
GGTAAC	3270
TCCGCC	3268
GCTCCA	3267
TTGAAA	3265
ATTCAC	3263
CCTGGA	3236
TTGTGA	3233
CTATCC	3231
CCGCTC	3219
CTCTAT	3214
GCCGGG	3212
ACCCCT	3210
TCGTCG	3193
TCGAGC	3183
GACAAC	3182
CTACTA	3182
GTATAT	3175
AAACCC	3172
ACTATA	3172
CCTATG	3166
GTTACG	3165
TACCTA	3141
GTTCGA	3139
TACACC	3137
TCAGCT	3135
GCGCCG	3131
AGGACC	3122
GCACTA	3107
CGTAAT	3107
TACTGG	3107
CTAAAC	3105
GGGGAC	3096
GCACGA	3089
CCTTGT	3088
GTATCT	3087
AGCGGA	3086
GTAACG	3074
GGCTTA	3073
TGGACG	3058
TCGAGA	3057
GGTGAG	3053
GAGTCG	3045
TCATAC	3023
CACCGA	3011
CTGGGC	3007
TCTGAG	3000
ATCCGA	2995
ACCTTA	2990
TAGACT	2986
CCTATC	2981
CTTCTA	2977
ATATAC	2972
ACTACC	2971
TACTTA	2965
CCTGCC	2958
ATAGAG	2958
CCAGGA	2952
GTCGGA	2952
CCGCCC	2949
CCGAGC	2947
AGGCGT	2938
GTTAGC	2936
TTAGGT	2935
GGAATA	2934
GTAGTT	2933
CTAGGG	2932
GTTTAG	2932
CGATAT	2931
GTGAAC	2929
CTATCT	2921
GTAAGG	2921
TATGGG	2918
GTGAAT	2913
CTCACG	2904
CCTATT	2897
TCGATT	2897
CTGATC	2886
TCCCAG	2881
GCATGC	2880
AGAACT	2880
ACCCAC	2870
TGTGGG	2863
CGACAC	2859
TCGTCC	2858
GGCTAC	2852
GAGTGC	2851
AAGGGA	2837
GTCTTA	2818
ACTTAC	2815
TGATCC	2812
TAAGAT	2806
AAGTTC	2798
TTAGAA	2778
TAGCCG	2777
GCGTCT	2777
TGATCT	2769
TCCGTG	2766
TACGGT	2763
GGTACA	2759
GAGGTC	2755
CTAAGA	2755
AGGTCG	2755
CCATGG	2746
TGCCCC	2745
GCGTGC	2739
TGGCCA	2738
CGCGAC	2730
GGGCTG	2726
TAGGTA	2722
TCAGCC	2719
TCGTAA	2712
TCCCCG	2708
CGATCT	2700
AGGGGT	2691
GCGTAA	2690
GCATGT	2678
ATTGAT	2675
ACCTCG	2674
GAGACC	2673
GGGTGT	2673
GCACTC	2667
GCAAAC	2660
GACCCG	2656
ACCGAG	2646
TCCGGC	2640
CCCGCA	2629
TCCGAT	2616
CTTAAC	2611
TCAATG	2611
GGAACT	2605
GTGGAA	2602
GATAGC	2600
GACGTG	2598
TATCCG	2593
CTACCC	2590
GAGTCC	2589
CGACCG	2587
TACAAC	2580
ATTAGT	2578
TTGTCC	2571
CGTTGT	2568
CTGAAG	2562
GTACCG	2559
TACAAG	2558
TCGCCG	2553
GCTAAC	2544
GGTCCC	2538
ACGGAT	2537
CTTATA	2534
ATACCC	2527
GACGGA	2524
CACCGT	2519
GCCCGT	2515
GGGTTT	2514
GTAGCC	2513
GTTGTA	2512
GTTTCG	2505
TAGCGC	2500
CCGAAA	2498
TCGGCT	2493
CTGCCC	2493
GGCCGA	2481
TCTAAC	2481
GGTGAA	2481
GGGGTT	2468
GAGACG	2464
GTCCGA	2461
TGCCCT	2459
GCGCGT	2458
TGTAGT	2457
CCCCAG	2457
GCGTAG	2450
GAGCGG	2440
GGGTAG	2437
ACGTGT	2435
CGTGGT	2422
CCGCCG	2422
CTTTCA	2419
GATTCG	2419
CCTTAC	2413
CCCAGG	2412
GTCCCA	2410
CCGCGC	2408
CGCCTA	2407
CTGCGG	2401
AGTTTC	2393
TAACTA	2391
ACTACA	2385
GGGTGG	2379
GTCTTG	2379
GTACAG	2378
TAAGCC	2373
ACGCCT	2369
TAGGCC	2362
CACTAG	2355
CTTCAG	2353
ATTCGA	2351
TGGCCC	2350
TCGGGG	2349
CAAGGG	2348
GCGGAG	2345
GAGCTC	2339
TCCGTC	2330
AGTACA	2318
TCTAAG	2312
TCCCTG	2306
AGTGTA	2301
GTTCCC	2298
CGTGGG	2293
CGGCTA	2285
TCGCCC	2278
CTCGGA	2270
TCCGCG	2267
CCCCCG	2266
ACGTCC	2262
AGTCCC	2255
TTAGAT	2254
AGATCA	2248
CCGACA	2248
GGTGCC	2245
GATCCC	2242
ATATAT	2223
TCGTTT	2216
GTAAGT	2208
ACGTCG	2206
TCGTGT	2205
CCGTGC	2203
GGTGTA	2192
ATGCGA	2184
TCCGAG	2177
CAACGA	2171
TGTTAG	2167
GCGTGG	2161
CACGGT	2157
CGGGAC	2147
GCACGC	2134
ACCGTT	2120
ACTAAT	2119
TCAGAG	2114
CCGGGG	2110
GGAGCC	2108
CCCCGG	2107
AGTACT	2094
TGGGCC	2080
TGGATC	2074
ACGCGC	2070
CGGATG	2070
CATCCG	2070
GATCTC	2064
CCCCGC	2062
AGCGCG	2060
CTAACA	2060
CCCAGT	2059
AAGGGC	2057
CGATCA	2037
ACCCAA	2034
GGTCGA	2033
TCTACG	2031
CCTGGG	2029
GCCCAC	2007
TGGGCT	1999
ACTTAG	1999
CACGGG	1998
AGACTA	1997
AGTGAA	1991
ACGAGG	1989
GCACTG	1987
CTCGAA	1982
CACCCG	1976
ACTGTC	1975
CCTGGC	1974
CCTATA	1972
CCCACG	1969
GGCTAT	1962
GTGGGA	1956
CTAGTG	1954
GCCAGG	1948
CCGTGA	1944
GACACG	1943
TACCCA	1940
GCATCG	1935
CGCCCA	1931
GCCTGG	1930
TCCAGG	1927
CGGGAA	1926
ATCCAG	1924
CTTAGT	1922
GTACTA	1917
TTGGCC	1917
CGACGG	1913
AGGGCA	1908
GGCCCA	1906
AGCCGG	1899
CCCTTG	1899
CTTGTA	1898
CTAGAG	1891
CTACGC	1885
GGGTAT	1877
GACAGT	1872
TCGGGT	1860
GCCCAA	1849
GGACCC	1848
AGGCCC	1847
ATCTCC	1837
CCTCGT	1835
TCGAGG	1835
GATCAG	1826
GGTGGA	1825
TAGGTT	1824
GGCTCC	1817
TCCCAC	1815
GGATAG	1807
AGTTCT	1788
AGATCC	1785
GCCCTT	1781
GCCCCA	1750
GGCACC	1743
CGGAAG	1742
TCCAAT	1736
CGCACC	1731
TTGTCG	1730
GCGCTA	1720
GGCCCT	1718
CCTTGG	1717
TGTAAG	1715
CCGGTC	1711
AACCCG	1707
AAGCTT	1700
GATCAA	1697
AGACGT	1678
CTTACA	1672
TCGGTG	1668
GTGTAT	1662
GACCGG	1651
CTGTAT	1641
TGATCG	1634
ATACAC	1630
GGGCCA	1625
ACTCCC	1624
TCCCTT	1624
TCCGAA	1622
CCAAGG	1621
TCGACC	1615
ATGATC	1613
GAGCCC	1608
GGTCCG	1608
TTCCCG	1603
CTAAGT	1587
CGGTTT	1583
CGGCCG	1560
GACTAG	1554
ACAGTT	1550
ACCGTG	1541
GGCCCG	1535
GTGGGT	1534
CTGGAT	1529
CATCGA	1527
ACTAAG	1525
ACCCCG	1520
CGAATG	1520
CCGATC	1520
CCCGGA	1519
TAGAAC	1518
GTGCAA	1515
GATGAC	1511
NACACA	1505
GTCCCG	1504
TGTCGA	1502
AGAATT	1497
GAATCC	1494
TAGCCC	1492
GGATTC	1492
AGATCT	1487
CGGGCT	1480
GGTAGT	1475
GGACCG	1473
GATTCC	1471
CCCGGG	1466
GAGCAA	1465
TCCTGG	1465
GGGCAG	1460
GGGACT	1459
CCCGTT	1459
GTGGGC	1455
CGCCCG	1440
GGTGGG	1421
TTGTAA	1416
TTGATC	1409
CGCACT	1407
CGGGTT	1396
ACCACG	1394
TCGTGG	1384
ATGCAT	1377
TCAATT	1372
GATCCG	1370
GATAGG	1368
NGGGAT	1358
GGCCGG	1358
TAGGGG	1350
GTTCTA	1348
AGCCCG	1342
ATGTAC	1336
CCCGAG	1327
GGGTTC	1324
CCGGCC	1320
CCCGCT	1310
GCCGGC	1303
GGAATC	1294
TTACAC	1286
CGAGTT	1284
CCGAGT	1281
AGCCTA	1264
AACGGG	1264
TACGTC	1263
TAGATT	1262
GGATCC	1260
GTCCTA	1257
TTAGGC	1255
AGGCGA	1252
CCCCTA	1252
GCCGGT	1252
GGGACC	1250
GATCTA	1250
TCTATC	1246
CCGGCT	1241
TCACCG	1237
ACCCGG	1235
AATCTA	1231
CGTATA	1225
TCGAAT	1208
GTGTAA	1207
ACCGGC	1205
GGGATC	1203
CGGATC	1202
GGATCA	1197
TCCTCG	1188
ATGGGG	1185
GATATA	1183
CCGGGA	1164
TATAGC	1158
CGATAG	1138
GGTGAC	1131
GCTATA	1124
CCCGGT	1121
CTAGTC	1120
CTCCGA	1119
GCACCC	1117
TAGTCC	1114
GGATCT	1102
CGTAGC	1096
TGCCGG	1092
TAGGGC	1085
TAGTTA	1068
TGCGAA	1061
CTATAC	1055
GAGTTA	1052
GTCTCG	1049
GTACTC	1048
NAAAAA	1047
CTCGGG	1036
ACTGGG	1036
CTAAGG	1030
ATACAG	1026
TTGCTC	1018
AGCTAG	1017
GCCCGA	1015
CTAGAA	1014
GCGAAG	1011
CTATGC	1006
TCGTTG	1005
CGTAGT	996
ACCCGT	986
ACGTCT	977
TCTAGA	974
TAGCTA	972
ATTCTA	962
NATTCT	962
AACTCG	960
GTATGA	955
NACCAT	949
GGGCTA	949
TGCGGG	948
GGAACG	947
ACCGAC	946
ACCGGG	945
TAGGCT	937
TATACG	932
GGGAAC	928
CCGTCG	924
GGGAGT	919
NGTGTG	915
GCCCGC	906
CTATAT	891
AGCGGG	884
ACGGGC	882
CCGGGT	881
CCCGAT	875
CTCGTA	873
TCCGGA	862
CCTTAG	859
ACCCGC	849
ATCTAC	847
GGCGGG	844
TCCCGC	843
GTCGGT	843
TACCGG	839
GTACAT	834
GTACAA	832
TTGGGT	831
GCATAG	830
ATTGGA	826
CTAGCA	815
TACGTA	812
TCGACA	805
TACGGC	804
CCGTTA	796
GTCGAC	788
ACTCGA	779
GCGGCC	775
CCCGCG	772
TTGCAC	766
NGCCAA	758
CCGGTA	756
ATATAG	752
GCTAGC	748
GGCTCG	747
TACGAG	747
CTAGCT	743
TCGCTC	740
TCGATG	739
GGATCG	738
ACGGGT	730
GCGGGG	726
GTGCGG	724
GCACGG	723
TTGTAC	721
GCGGGA	716
NAGAAA	714
CCTACG	712
CGCTAG	712
NCAGAA	704
NGAAAA	702
ACCGGT	702
NAAACA	699
CTTAGC	698
GCTACG	686
GAGTAC	678
CGCTAT	675
NAACAA	671
CCGAAC	666
GGGATA	665
CCGGAA	663
GTATAG	660
TCCTAT	660
NAACAT	657
AGTGCG	652
ACGATC	647
NAACGT	647
NGTATG	647
NAAAAT	646
NAAATG	645
GCTAGA	644
NGGTGG	640
NACCAA	638
ACGTAG	637
NAATCT	636
CCGCGA	636
GCTAAG	635
CGGAAT	630
NACCAG	630
GCGGGC	625
NAGAAG	618
NAAGAA	614
NGACAT	611
GCGCCC	610
TACGAT	606
ACTAGT	603
ACTACG	602
CGTAAG	601
ATCGGG	601
GGGAAT	600
CCGTAG	599
NAAGCA	596
GTGTCG	595
NAATAA	594
NGTCAA	594
NGTTTT	593
NAGCAA	589
NAATCA	586
CTACGT	582
NTTCTG	577
CTACGG	575
ACCTAG	575
GTATAC	574
NAAATA	573
NATAAA	572
NCAGCA	568
CCTAGC	566
NAACAG	565
GCGCAC	561
GTGCGA	560
GTTCGG	558
NAAGAG	556
NGATAA	555
TTGGGC	553
CTAGAT	549
AGCGCT	548
NGGGGT	547
NTTGCC	544
ATGCGT	542
NATGAA	542
NGACCA	539
NACACT	533
GCGCGG	533
TCTAGC	532
GCTAGT	532
NTCACT	531
CTACGA	529
TCCGGG	528
NGGGGG	525
GTCGAT	522
NAGCAG	522
NAAAGA	521
NAAAAC	519
NACCCT	518
NAAAAG	517
ATCGAC	517
NTGATG	517
NCATAA	507
CTAGCG	506
NAAAGC	504
NCAAAA	501
NATTAA	498
NACAAT	497
NGTTGA	496
GGTACC	494
NTGCTG	492
GCCTAG	490
NAGATT	489
GCGGGT	485
NGCAAT	484
NCTGAT	483
NAATTT	483
GCGATC	481
NATAAC	479
NAATGC	476
NCATCA	476
NGGAGG	474
ACTAGC	473
NGTTGT	473
NAAATC	470
NAATGA	469
NATCAA	467
NATGTT	466
NTTGAC	466
NATTTT	463
NTAAAA	461
NATGAG	460
NAACCT	459
NATGGT	459
NCCAGC	458
NCACAC	457
NAGCAT	457
NGATGA	457
NATCAG	456
NGAAAT	455
NTTATG	452
NGCTTG	452
NAAATT	450
NACTTC	449
NAATTA	448
NACTCA	448
NTTAAA	447
NGAGAA	446
NTAAAG	444
NTGGTT	444
TCGAGT	443
NTTGGT	441
NATTCA	441
NCTTTA	440
NGCTGG	437
NTTTGT	436
NCATGA	435
ATAGGG	434
NAAGGA	433
NGAAAC	432
NGCATT	432
NTTTTG	431
NTTTGA	431
NGGAAA	431
NGCTGC	429
NTTCTT	429
NAATGT	429
NAGATG	429
NATGCT	428
NGAATG	427
NAAACC	427
NTTGCT	425
NACGGT	422
NAAAGG	422
NGAGAT	420
NTTTAT	420
NTCAAC	417
NGATTG	417
NACAAA	417
CCTAGG	416
TCGATC	415
NGTTAA	415
NTGCTT	415
NGTCAG	414
NAGCTT	414
NATCTG	413
NGCGTT	413
NGGAGA	409
NACATC	409
NAATAT	409
NTGTTT	409
NATTTG	408
NGAAGC	407
NACGTT	407
NGCTTT	406
NAGGAG	405
NTTTAG	405
NTTCAG	403
NACATT	403
NATCTT	403
NATCAT	402
NTAACC	400
NCAAAT	400
NTTTTT	399
NAACTG	398
NTCGTC	398
NACAGA	398
NATTGC	398
NAAACG	396
NGACGA	396
NCAGTA	396
NTGACG	395
NCCATA	395
NAGACA	395
NAGAGC	395
NAAGGT	394
NTTTCT	394
NCCAAA	393
NAAGCT	393
NATGGC	392
NAGGAA	392
NTCTTG	391
ATCGAT	391
NGCGGC	390
NGATGC	389
NCTTAA	387
NATTTC	386
NACATA	386
NATAAT	385
NTCCAA	383
NGAAGT	381
NTGAAT	380
CTTACG	379
NTATTG	379
GTACGA	378
NAGCGT	378
CTAGGT	377
NAATGG	376
NTCAGC	375
NCTGCT	375
NGTTAT	375
NTTCAA	374
NTGATT	370
NATATT	369
NTGGCG	369
NATACC	369
NAACGC	369
NCTGGT	368
NGAAGA	367
NCTGAA	367
NCTTGC	366
NAGGGT	365
NGAACA	365
NGAAGG	365
NACTTT	365
NTTTGG	364
NACCTT	361
NTGTGT	361
NGTTTA	361
NAAGCG	360
NGATTT	360
NTCATG	360
NACTGC	360
NTGGTC	359
NATGCA	359
NAATAG	359
NAAACT	358
NATACA	357
NTCTGC	357
NACCTG	357
NTAAAC	357
NTTATT	356
NACCAC	356
NTCTTT	356
NGGTCA	356
NAAGAT	356
NAGAAC	356
NATTAT	355
NTAATG	355
NAGCTG	355
NGGCGT	355
NAAAGT	355
NCCTGA	354
NCAATA	354
NGTTCA	353
NTGCAA	352
NAATAC	351
NTTTAA	351
NAATCC	351
NCTCAA	351
NATGAT	350
NTTTTA	350
NTTGTT	350
NGCAGC	349
NTACTG	349
NATAAG	348
NGAGGA	348
NGGTTA	347
NAGGCT	347
NATTAG	345
NTTATC	345
TCGTAG	344
NAGCCA	344
NTCTCT	343
NCCATC	342
NTATTT	342
NCAGCT	341
NTCCAT	341
NTATCA	341
NTTAAC	341
NGCTGA	340
NGCTTA	339
NTACCA	339
NCTGAC	338
NCAACA	337
NATTTA	337
NGCCTG	337
NTTAGC	335
NTGGTG	335
NGGTCT	335
NGATTA	335
NAACAC	334
NGGCGG	334
NTCAGG	334
NTCAAT	333
NAAGTC	333
NCCAGA	333
NCAAGC	333
NTCCTG	333
NAAGTT	332
NCTGCA	332
NCATTA	331
NTATGG	331
NAACTC	331
NGAGAG	330
NCAAAG	330
NGGCAT	329
NTCATT	329
NTTCCA	329
NTCTCC	329
NATCGG	328
NATGGA	328
NGGTGA	326
NGCCAG	324
NCGTCA	323
NTTTTC	323
NGGATG	323
NCACCA	323
NTTGAA	323
NTCCTT	322
NGCGTC	321
NTTGAG	320
NTGGTA	320
NATCCA	320
NTATCT	319
NGGGGC	319
NCAATC	318
NGACTG	318
NTTCAT	318
NTAAAT	317
NTCTGA	317
NAACCC	316
NATCCT	316
NCCGTT	316
NACTGG	316
NGTGGC	316
NGCCAC	315
NGTAAA	314
NTGATA	314
NAAGTG	313
NCATAC	312
NACAGG	312
NAACTT	311
NCAGGA	310
NGACGG	310
NTATTC	309
NTCTGT	309
NGCGTA	309
NTTAAG	309
NTGAGT	309
NGATGG	308
NTAATC	308
NGAAAG	308
NTCAGT	308
NGCATC	308
NTAAGC	308
NTTGCA	306
NCCATT	306
NGGTAA	306
NGCCTC	305
NGATAT	305
NGAACG	305
NATCTC	304
NCAAAC	304
NGCATG	303
NAGTAA	302
NTAATA	302
NGCTTC	302
NCCATG	302
NGCAGG	300
NTGCAG	299
NAGAGG	299
NGAATC	299
GCTAGG	299
NAGTAG	298
NGTAGC	297
NTTACC	297
NCTCAT	297
NGACTC	296
NTCAGA	296
NAGTCA	296
NCTTTG	295
NTGACA	295
NACATG	295
NTTTCC	295
NGGGAA	294
NCTGTT	293
NTAATT	293
NGACAG	291
NCTTGA	291
NGAGGG	291
NGTCTG	291
NGAGTG	290
NCTTTT	289
NTTGGA	289
NAAGGC	289
NATGTG	288
NAGCAC	288
NGTTTC	288
NGGCTG	287
NTGAAA	287
NGATGT	287
NCGCAA	287
NACTAT	287
NACGGC	286
NACAGC	285
NCCAAG	285
NACGAC	285
NGCAAA	285
NTGAGA	284
NACGCA	283
NAGGTG	283
NCTTGG	282
NTCTTC	281
NCCTTT	281
NGACGC	281
NAGTGG	280
NCATGG	280
NTTGCG	280
NGCAAC	279
NGGTTT	278
NGCTAA	278
NTGTGG	278
NTCACC	278
NGGGAG	277
NACTGT	277
NATTGA	276
NGTTGC	276
NGGTAT	276
NTTCCT	276
NGGCAA	275
NGATTC	275
NCTGGC	275
NGTTGG	275
NCTAAA	274
NAGCCT	274
NTGTTA	273
NGACTA	272
NACGCG	272
NGGTGT	272
NATGTC	272
NTATTA	271
NTCAAG	271
NTGAGG	271
NGTCGG	271
NAGGTA	270
NTGACC	269
NACGAA	268
NTGGAA	268
NGTTCT	268
NAGATC	268
NAGTTG	267
NACCGC	267
NCTCCT	267
NTGTTC	265
NAACGA	265
NACACC	265
NTGAAC	264
NGACAC	263
NGATCG	263
NCCTTC	263
NATTGG	263
NCGGCA	263
NTTTAC	262
NGGACT	262
NGTCAT	261
NACGCC	261
NACAAC	261
NATATG	261
NTTGAT	260
NGCAGT	260
NTGCCA	260
NGTCAC	260
NGCTCA	260
NATGTA	260
NGTCCT	259
NCAACT	259
TTCGAA	258
NTTGGC	257
NTGCTC	257
NTTACT	256
NAAGCC	256
NTAACA	256
NCAATG	256
NGGAAG	256
NCATTC	256
NAGCGG	255
NATAGC	254
NCCAAC	254
NCGTGT	253
NATGAC	253
NGGCGA	253
NTGCGT	252
TTCGCA	252
NATTGT	251
NGCCGC	251
NGCTGT	251
NAGATA	251
NGGTTG	251
NCGTAT	250
NTGGAG	250
NTATGC	250
NCTACT	250
NTGCTA	249
NGAGCA	249
NACGTG	249
NTAGGG	249
NCGCCA	248
NTGACT	248
NAGGCC	248
NCTTTC	248
NGTCCA	247
NACTCC	246
NTCGTT	246
NCAACC	245
NGTGTT	245
GCGCGA	244
NCCTGC	244
NTCTGG	244
NGTGAT	243
NCCTCA	243
NGCCTT	243
NTCGCT	243
NGCGCC	243
NGAGCG	241
NACGCT	241
NGAGCT	241
NAAGTA	241
NTGAAG	241
NCTCAC	240
NAGCTC	240
NACAGT	238
NAGAAT	238
NGTCGT	237
NTATGT	237
NCGTTT	237
NCTTCA	236
NGCCGT	236
NTTAGA	236
NTGAGC	235
NTCCTC	235
NCGACT	235
NCATCT	235
NCCACC	234
NTGGCA	234
NACAAG	233
NCTTCC	233
NAATTG	233
NGAGTA	233
NCTCAG	232
NTGGGA	232
NAGGAT	232
NATGCC	231
NATAGA	231
NCTACA	231
NTTTGC	231
NTCACG	231
NATTAC	230
NTGGAT	230
NTTCTC	230
NCGTTG	229
NCAGAG	228
NATACG	228
NTAGCA	228
NAGCGC	228
NCAAGT	227
NCACAA	227
NGTATT	227
NGGTAC	227
NACTTA	227
NCAGTC	227
NAACCG	226
NCCTCC	226
NTCGGC	226
NCTTAT	225
NTGGGG	225
NCCTTG	224
NATAGT	224
NGGCAG	224
NGCGGA	224
NAGGGA	224
NAGGAC	224
NAGTTT	224
NGCGAC	223
NAGTGT	223
NGTCGC	223
NGCTCT	222
NGGTGC	222
NTTCGT	222
NACTTG	222
NTGTAG	221
NAGACC	221
NAGGTC	221
NCATGC	221
NGCGGT	221
NGTTAG	221
NGCTAC	219
NCGTGA	219
NGCATA	219
NCAAGG	218
NGGGCA	218
NCACGT	217
NGAACC	217
NGTAAC	217
NATATA	217
NCTGTA	216
NTAGTG	216
NCCCTG	216
NCTATT	215
NACACG	215
NCAACG	215
NAGACG	215
NGGACA	215
NGTCTA	215
NGGATA	215
NCTGCG	214
NGTGTC	213
NGTGGA	213
NTTAGG	213
NTATAA	213
NCGCCT	213
NTGCCG	212
NTTATA	212
NCGCTT	212
NCGCTG	212
NGATAC	212
NGGGTT	211
NAGTCC	211
NCCGCC	211
NCATTG	211
NAGGTT	210
NTAACG	210
NACCTC	209
NAAGAC	209
NCCCAA	208
NTGGCT	208
NCACAT	208
NCTCCA	208
NTCATA	207
NCGGCG	206
NCAGTG	206
NGGTCG	206
NCAGTT	206
NCAGGT	205
NGAATA	205
NACGAG	205
NTACTT	205
NAACTA	205
NGAGTC	205
NGGAGC	204
NCTTCG	204
NACGGA	204
NCACTG	203
NCCAAT	203
NTACTC	203
NCCTCT	203
NCAGGC	202
NGTGAC	202
NTAGAG	202
NGGGTG	202
NGTATC	202
NGGATT	201
NTTGTG	201
NACGAT	200
NACGTA	200
NAGTCG	200
NGTGAG	200
NGTTAC	200
NAGTTA	199
NCTCGT	199
NTAGAC	198
NCACGC	198
NCCAGT	197
NTGTCT	197
NTGGAC	197
NGTGCT	197
NTACAA	196
NCTGCC	196
NCCACT	195
NCTCTA	195
NCTGAG	195
NCAATT	195
NCGTTC	195
NATCGC	195
NGGAGT	194
NACTAA	194
NTCTTA	194
NTCCAC	193
NTAAGT	193
NGGCCT	192
NGAGAC	192
NCATCC	191
NCCGTC	191
NCAGAC	191
NGTCTC	191
NATGCG	191
NTACCG	190
NTCTCA	190
NGACCC	189
NGCGAA	189
NTCACA	189
NCCTGT	189
NTACCT	189
NACCCA	188
NTGTGA	188
NTTAGT	187
NGGCAC	187
NGCGAG	187
NATCCC	187
NAGAGT	187
NTGTCA	186
NGCGCT	186
NGTACG	186
NGAGGT	186
NGTCTT	186
NGTGGT	186
NGGCCA	186
NCCGCT	186
NGTTCC	185
NCTCTC	184
NCGAGA	184
NGGCTT	184
NCGAAG	183
NTTCAC	182
NGCACA	181
NCGCAG	181
NTCTAA	181
NTGCAT	180
NGACCT	180
NCTAAT	180
NGTGCC	179
NTCGGT	179
NGCCGA	179
NAGGCG	178
NGCTAT	178
NCTGTC	177
NGGCTC	177
NGCACC	177
NAGTGA	177
NCCACA	176
NGAATT	175
NTTTCA	175
TCGCGC	175
NACGTC	174
NTCCCC	174
NCTGGA	173
NTTGGG	172
NATGGG	172
NTAGCC	172
NCAGCC	172
NCCGCA	171
NGCTCC	171
NCGATT	171
NCCCTC	171
NTCCAG	171
NCACCT	171
NAGCGA	171
NCGTAC	171
NGAGCC	170
NGGTAG	170
NTCGCA	170
NCACGA	169
NTCGTG	169
NAGCTA	168
NTACGG	168
NTATCG	168
NGCGCA	168
NGTGTA	167
NCACTT	167
NCGAAC	167
NGTAAT	167
NTCTAT	167
NGCGAT	167
NTAAGA	167
NCTGTG	167
NGGACG	166
NTGGCC	166
NTAAGG	166
NACCGA	165
NCATAG	165
NACCGT	165
NAGACT	165
NGTGCA	164
NAGTTC	164
NTACAG	164
NCGACC	163
NGCTCG	162
NTACGA	162
NTCCTA	162
NCGATA	161
NCTATG	161
NAGGGG	160
NCTCGC	160
NTAACT	158
NTACGC	158
NGTATA	157
NGGGCT	157
NCATGT	156
NTTCGG	155
NTATGA	155
NGACGT	155
NTGTGC	155
NGGGTA	154
NCGCGT	154
NTATCC	154
NCCGAA	154
NGAACT	154
NAGTGC	154
NGGAAC	153
NACCTA	153
NCGAAA	152
NGTAGA	152
NCATAT	151
NGTACC	151
NGTTCG	151
NCCGAG	151
NCGACG	150
NCACTC	149
NTCCGC	149
NTTCGC	149
NGGTTC	148
NTCCGG	147
NTCCCT	146
NCCCAT	146
NGTAAG	146
NAGTCT	146
NCAGGG	145
NTAGTT	145
NCTACC	145
NCGTTA	145
NACTAC	144
NTAGAA	144
NGTGAA	144
NTCCCA	144
NCACAG	143
NGGGAC	143
NCTCTG	142
NTTGTA	142
NTCTAC	142
NCGGAA	142
NTAGCG	142
NCGCCG	140
NCTTGT	140
NTTACA	140
NGACCG	138
NGTCCC	138
NTCGTA	137
NCGCTC	137
NTTGTC	137
NTGCGC	136
NTACGT	134
NGGCCG	133
NCTAAC	132
CCNCCC	132
NTGCAC	132
NGGCTA	132
NGAGTT	131
NCCGAC	130
NCGATG	130
NACGGG	129
NACTCG	128
NCCTTA	128
NTAGGA	128
NCGGTA	128
NTTCGA	125
NTATAG	125
NCGGAT	125
NCCCCA	125
NTCGCG	124
NTGCGG	124
NTTTCG	124
NCTTAC	123
NCTCCC	123
NAGGGC	122
NTCGGG	121
NCCGGA	121
NACCCC	121
NAAGGG	120
NTACTA	119
NAGCCG	119
NCGTGG	119
NCCTAC	118
NTTCCC	118
NGCACG	118
NCCGAT	118
NCGGTT	117
NCGAGC	117
NTAGCT	116
NCACTA	116
NGGACC	115
NCGAAT	115
NTACAT	115
NTGTCC	114
NTGTAT	114
NGTAGT	114
NTCTCG	113
NACCGG	113
NGCCTA	113
NGTCGA	113
NGTCCG	112
NGCCCA	111
NCCACG	111
NTAGAT	110
NATAGG	110
NCTCCG	109
NCCTAT	107
NATCCG	107
NGCCCC	106
NCCCCT	106
NATCGA	106
NTAGGT	105
NCTTAG	105
NCCAGG	104
NAGTAC	103
NGGCCC	103
NCGAGT	103
NTTCTA	103
NCATCG	103
NCCGCG	103
NCACCG	103
NTAGGC	103
NCCCGA	103
NTCGGA	102
NTCGAT	102
NTCGAC	102
NCGGTG	101
NGCACT	101
NTGCCC	101
NTGGGT	101
NTCGAG	101
NTGTAC	99
NTACCC	99
NTCGAA	99
NCGTCT	99
NCCGTG	98
NTATAC	98
NGGGCC	98
NCGTCC	98
NCCCAG	98
NGATAG	97
NTGTAA	97
NCCTCG	96
NTCCCG	95
NCCCTT	95
NTAGTC	94
NCGGAG	94
NGCGCG	94
NTGCGA	94
NTATAT	94
NGTACT	94
NCGAGG	93
NCACGG	93
NCCCTA	93
NGTACA	93
NCGCGA	93
NATCTA	93
NCGGTC	92
NTCCGA	92
NCGGGG	92
NCGTGC	91
NCGGCT	91
NATTCC	90
NGATCA	90
NCTCGA	90
NCGCGG	90
NCGGCC	89
NCGGGA	88
NCGTAA	88
NTGTCG	88
NCGACA	87
NCTGGG	87
NTACAC	85
NCTATC	84
NAGCCC	82
NCGCTA	82
NGGAAT	81
NATTCG	81
CNCACA	80
NCCTGG	79
NCTAAG	79
NCCGGT	79
NTTACG	79
NCCCCG	77
NCCTAG	77
NACCCG	77
NCTATA	77
NCACCC	76
NCGCCC	75
NCCCAC	74
NGCCCT	74
NGTGGG	74
NCCGGC	74
NTGGGC	73
NCGCAC	72
NCTAGA	72
NGCCGG	69
NCGTCG	68
NCTAGT	65
NGTGCG	65
ANTTCT	64
NCCCGT	64
TNTGTG	63
CNCCCC	63
NACTAG	63
NCCCGG	59
NGATCC	58
NTGATC	56
NCTAGG	55
ANAATG	54
ANAAAT	52
TNAAAA	50
ANCAGC	49
NGCCCG	48
ANAAAA	48
NCGCGC	48
TNCCAA	47
GNTTTT	46
GNGGAT	46
TNGGAT	46
ANTCAA	45
ANCAAT	45
NGATCT	43
NCCGGG	42
TNATGG	41
TNATAA	41
NCGGGC	40
TNAACA	40
TNATTT	40
TNCTGC	39
NGGATC	39
CNGTGG	39
ANCGGT	38
ANTGTT	37
TNACAT	37
TNAAGG	37
TNGGGT	37
NGCTAG	36
ANCCAA	36
GNTTTA	36
ANCATC	36
ANCAGA	36
TNAATA	36
ANCATT	35
GNTATT	35
TNTTTC	35
TNTTGA	35
TNAATT	35
TNCTGA	35
ANGAAG	35
CNTCCA	34
ANGTTT	34
CNTGCC	34
ANAAAC	34
CNGCGT	34
TNAAAT	33
ANACCA	33
GNCAAT	33
CNTCAA	33
TNCGTT	33
TNATTA	33
CNTGAA	33
CNGAAA	33
TNATGT	33
NCGTAG	33
TNATGC	33
TNGCTG	33
ANCACT	33
ANGCTG	33
ANATTA	33
ANGAGT	32
ANGAAA	32
TNTCAG	32
CNGCTT	32
TNCTGG	32
ANACGT	32
GNCGTT	32
ANATAA	32
CNTTAA	32
GNTAAA	31
CNGATT	31
CNGGGG	31
TNTTAT	31
ANGCAG	31
CNCCAA	31
CNTCTG	30
CANACA	30
TNTCTG	30
CNACTG	30
TNCCAT	30
CNGGAG	30
CNGCAG	30
TNACCA	30
ANGAGA	30
ANCTTG	30
ANTCAG	30
ANTTTT	30
GNTCAG	30
ANAGGT	30
TNTTTT	30
TNATCA	30
CNAAAA	30
TNTTGC	30
GNAACA	30
ANAACG	30
GNCATT	30
ANGATG	29
CNACAG	29
ANAATC	29
ANAACC	29
ANCACC	29
TNAATG	29
ANTGCT	29
CNCCAG	29
GNTTTC	29
GNTCTT	28
CNTGAT	28
ANCATG	28
TNTGGT	28
GNTTGT	28
TNTTCA	28
ANCTTT	28
CNATAA	28
TNCTGT	28
GNGATG	28
TNCTTC	28
TNAAGT	28
CNTTCA	28
CNTTGC	28
TNTCTT	28
CNTTAG	28
ANTATG	27
CNGACT	27
CNTAAT	27
TNTGGC	27
ANGGAC	27
GNTTGA	27
GNCGAG	27
ANTCTG	27
ANTCTC	27
ANGCAA	27
ANTTTG	27
ANAGCA	27
TNTTTA	27
ANGAAC	27
ANATTT	27
ANAAAG	27
TNTTTG	27
ANTTGT	27
TNTAGC	26
ANCAAC	26
CNCTTT	26
ANTTGG	26
ANCAAG	26
GNAAAA	26
GNTTCT	26
CNTCAT	26
CNTTTT	26
TNCTTA	26
NGCGGG	26
TNATGA	26
ANACAA	26
CNTTGA	26
TNAGCA	26
GNCGAC	26
CNACCA	26
ANTAAA	26
TNCAAA	26
ANAATT	26
CNGCAA	26
TNGAGA	25
CNTCCT	25
CNAAAT	25
GNAGGC	25
ANTTTA	25
GNCTCA	25
CNTTCT	25
CNAGCA	25
ANAACA	25
ANCAGG	25
GNCCTT	25
CNAGAA	25
GNCAAA	25
GNATTT	25
NCCCGC	25
CNCTCT	25
ANATCT	25
CNTTTA	25
TNCACT	25
TNGCGT	25
ANTTAA	25
CNTCAG	25
CNCTGA	25
TNAAAC	24
ANTCAT	24
ANCTGG	24
GNAAGA	24
CNGAAT	24
GNAACC	24
GNAAAG	24
CNTGTT	24
CNCTCC	24
ANACAC	24
TNACTG	24
ANCGGC	24
TNACGA	24
ANGGTA	24
TNGCAG	24
ANAAGT	24
GNACTG	24
NCTACG	24
TNTCCT	24
CNCATT	24
GNTGAA	24
ANAAGC	24
TNTCGC	24
ANTAGC	23
GNGATT	23
ANGCTC	23
ANATGA	23
TNACAC	23
ANGAGC	23
ANACTC	23
CNAACT	23
TNATCT	23
ANGGTT	23
CNTAAG	23
TNACGG	23
TNGTCA	23
CNGAAG	23
ANGCGG	23
ANCCAC	23
GNTGAG	23
CNGCCA	23
ANCATA	22
GNTGGT	22
GNTGAT	22
ANGCGC	22
TNGAGG	22
TNGCAA	22
CNCCTG	22
NCGGGT	22
ANCCTG	22
GNTGGA	22
ANTAAC	22
GNATCA	22
GNCGTC	22
GNGTGT	22
GNAATG	22
GNATAA	22
CNGCCT	22
GNAAAC	22
ANTGGT	22
CNGGAA	22
ANAGAT	22
GNCTTC	22
ANAGGA	22
TNCGCT	22
GNGGCT	21
CNGACC	21
CNCCTT	21
AANTCT	21
ANTATT	21
GNAGCA	21
GNCGAT	21
ANACAT	21
TNTCTC	21
GNCAGA	21
CNTATG	21
ANGGCG	21
TNTTAA	21
TNACCT	21
CNAGAT	21
CNCATC	21
TNACTT	21
ANCGCC	21
ANTGGC	21
CNATGA	21
CNAATG	21
ANAGAG	21
TNAGCG	21
GNCTGC	21
ANATTG	21
ANATGC	21
ANATCA	21
CNCAAT	21
ANACGA	21
CNATCA	21
ANACGC	21
ANCTTA	21
TNTCAA	21
TNAACG	21
CNTGAC	21
ANTGAC	21
ANGGAA	20
TNAGGA	20
TNGCGA	20
CNAACA	20
CNCAAA	20
GNTTCC	20
CNGATG	20
TNGCAT	20
GNCATA	20
ANAATA	20
CNCAAG	20
GNCATG	20
TNTGCA	20
ANCTTC	20
GNGGCA	20
GNCTAT	20
GNCGCT	20
CNGTAG	20
GNAAGG	20
CNTCTC	20
CNTCTT	20
ANGTCT	20
ANTGAA	20
CNTGCA	20
CNTGCT	20
TNAGAA	20
TNTATT	20
TNGTGC	20
TNTATG	20
CNATAC	20
CNCTGC	20
ANATGG	20
ANAGCT	20
ANTCCA	20
ANAGTG	20
CNGAGG	20
GNTTAA	20
GNTTAG	20
ANCGTG	20
ANCGTC	20
TNTGTT	20
GNATGG	20
TNTCCA	20
GNTTGC	20
TNCGTG	20
CNTCGG	20
GNAGGA	20
ANGCCA	19
CNCGTC	19
CNATTA	19
CNTATC	19
TNCATC	19
CNTTAT	19
TNCAAT	19
TNCTTG	19
TNTGCC	19
ANTAGA	19
GNTATG	19
TNTTGG	19
TNGGAA	19
TNGGGG	19
GNATTG	19
GNGTAT	19
TNGTGG	19
ANGACG	19
TNACAG	19
TNAATC	19
GNACCT	19
GNACAA	19
ANTCGG	19
GNCAGC	19
ANATAC	19
ANAGCC	19
GNAGTG	19
ANTAAT	19
GNTTAT	19
TNAGAG	19
GNTGGC	19
ANGAGG	18
CNGCTG	18
ANCCAG	18
CNAATC	18
CNATGT	18
TNCTCT	18
TNAAAG	18
CNCACC	18
TNGACG	18
TNCTCA	18
GNCTCC	18
CNGGTA	18
TNCCTG	18
ANATAG	18
CNGTCA	18
GNCCTG	18
ANTTTC	18
CNGTTG	18
CNTAAA	18
TNCTCC	18
CNTGGT	18
CNATGC	18
CNCGTA	18
ANAACT	18
CNCGTT	18
ANTACC	18
GNAGAG	18
GNAGAC	18
GNTTGG	18
TNTCAT	18
TNCAGT	18
CNAACC	18
GNGTTT	18
ANGGCA	18
TNGGTT	18
TNGTAA	18
TNACCG	18
TNCAGC	18
ANCCTC	18
TNACCC	18
GNTGTG	18
CNAAGA	18
GNATGC	17
TNTCTA	17
GNCACA	17
CNTATT	17
GNCCAG	17
CNTCCC	17
CNTACC	17
TNGACA	17
GNGGAG	17
CNCAAC	17
CNCAGG	17
TNCATT	17
CNCGAG	17
CNCGGC	17
GNTCCA	17
GNTAAT	17
CNCTTC	17
TNTTCC	17
CNGTTT	17
TNCCGC	17
GNGAAA	17
GNCTTT	17
TNCACG	17
ANTTAT	17
CNGGCG	17
CNGTGT	17
TNCAAG	17
ANATAT	17
TNATTG	17
TNGGTC	17
GNAGAA	17
ANGGAT	17
AANAAT	17
ANGGCC	17
ANCCTT	17
TNAAGA	16
TNGTTA	16
CNGCGG	16
CNCGCA	16
TNGTTG	16
ANGTGC	16
CNATCC	16
ANATTC	16
ANATCG	16
TNGATA	16
CNGGGA	16
CNTTGT	16
CNCCGC	16
ANTGGA	16
ANACCT	16
TNTGCT	16
TNTGGA	16
ANCCGA	16
TNTGTC	16
CNAGTA	16
TNTTAC	16
CNGACG	16
CNGACA	16
TNACGT	16
TNACTA	16
NCTAGC	16
GNTCAA	16
ANCGTT	16
CTNCTG	16
TGNTGG	16
ANAGAC	16
ANTAAG	16
GNAAAT	16
ANTGTG	16
ANCTGC	16
GNAATA	16
CNCACT	16
GNTGTA	16
CNCCAT	16
GNCAGT	16
TNGACT	16
GNACGG	16
ANTTGA	16
GNATGT	16
CNATTG	16
TNAGTA	16
CNATTC	16
CNACTC	16
TNAACC	16
GNCGGC	16
GNCCAT	16
CNGTGC	16
CNGTGA	16
TNGAGT	16
GNTGTT	16
TNCATG	16
GNATAC	15
CNAAAG	15
GNTCCT	15
ANGCAT	15
TNGACC	15
GNTGCT	15
ANTGTC	15
ANGATA	15
CNATAG	15
ANGCTT	15
CNCCTC	15
GNTGAC	15
TNGAAA	15
GNTCTG	15
ANCTCA	15
GANAAA	15
CNCATA	15
TNTACT	15
GNCGGT	15
CNGGTG	15
CNAGAG	15
GNCGCC	15
TNTACC	15
NCGATC	15
CNACTT	15
ANTCCT	15
CNAGTT	15
CNACCT	15
GNCCAA	15
CNTACA	15
TNCTAT	15
CNTGAG	15
CANATT	15
CNTCTA	15
CNTCAC	15
TNTAAC	15
ANCAGT	15
ANTCAC	15
CANAAA	15
TNCAGA	15
TNTGAC	15
ANCGGA	15
ANCGAA	15
CNGAGA	15
ANGCGT	14
TNAGGT	14
ANTGCC	14
ANTAGT	14
TNAGCT	14
CNAACG	14
CNAAGC	14
ANTACT	14
CNAGGG	14
CNATAT	14
TNATAT	14
CNAAAC	14
CNAATA	14
ANGTTA	14
TNTGAT	14
CNGTTC	14
TNGATT	14
GNGAGC	14
ANACTG	14
TNCGCC	14
GNCTGT	14
ANCTCT	14
GNCTGG	14
TNTATC	14
CNTTGG	14
GNCTAA	14
GNGCAT	14
ANGACC	14
GNCCTC	14
ANAAGG	14
ANGTAT	14
GNACAC	14
ANGGCT	14
GNAGGG	14
TNCTTT	14
GNAGCG	14
ANGATT	14
CANCAA	14
CNGTCT	14
CNCAGC	14
ATNATG	14
TNCCAC	14
TNGTGA	14
CNCGGA	14
CNCTCA	14
GNTTAC	14
GNTTCA	14
TNGCGC	14
CNGCTA	14
ANACCC	14
CNGGGT	14
CNGGTT	14
TNCCTT	14
ANAGTC	13
TNATCC	13
TNATCG	13
TGNAAA	13
CANGAA	13
GNAATT	13
TNGTTT	13
TGNCTA	13
TNATAG	13
CNCATG	13
TNGTCG	13
GNGGCC	13
TNAGGC	13
GNTGCC	13
TNAGCC	13
TNAGAC	13
GNTATA	13
TNAGGG	13
GNTAAG	13
ANACCG	13
TNACGC	13
ANTGAG	13
GNGCCA	13
TNTGAA	13
GNGACT	13
TNAAGC	13
GNCTAC	13
GNCGGG	13
TNTCCG	13
GNAGTT	13
GANCAT	13
ANTTCA	13
CNGTCG	13
ANGCAC	13
CNGTAA	13
TNCCTC	13
TNGAAC	13
AANACA	13
TNGATG	13
ANGTAA	13
CNGATA	13
CNACGC	13
CNCTTG	13
CNATCT	13
CNCTGT	13
TNCGGT	13
TNGCCT	13
ANCTAT	13
ANCGCT	13
CNCTTA	13
ANTATA	13
TNGCGG	13
CNACGG	12
CNAATT	12
CNACTA	12
CNTGGC	12
CNACAT	12
GNGAGG	12
GNGAAG	12
CNGGAT	12
TNCGGC	12
GNGCTA	12
GNGGGT	12
TNTTAG	12
ANGTCC	12
TNCCTA	12
CNGAAC	12
GNTCAT	12
GNTCGG	12
ATNCAA	12
CNCTAC	12
TNCCAG	12
CNCCCT	12
TNAGTC	12
ANTTAC	12
TNGGTA	12
TNTAAA	12
ANATGT	12
TGNATG	12
ANAGGC	12
TNGCCA	12
GGNGAT	12
CANCTT	12
TGNGAT	12
ANAGAA	12
TNGAAG	12
ANGTGA	12
ANTTAG	12
ANGTCG	12
GNACGT	12
ANGCCG	12
GNCCAC	12
ANCCGT	12
GNCAAC	12
ANTGCA	12
TNTCGT	12
GNACCC	12
ANGGTG	12
GNATGA	12
CANATG	11
TTNATG	11
TNCGAT	11
TNGCAC	11
CNGGTC	11
TNCCGA	11
TNTTCG	11
TNATAC	11
CANCAG	11
AANCAT	11
GNACGC	11
ANCTAC	11
GNAGTA	11
GNTACT	11
CNAGTG	11
TNAGAT	11
GANATT	11
GNAGTC	11
GNATCC	11
CNGCAC	11
ANCTCG	11
GNCACT	11
CNGGAC	11
CNGGCT	11
TNACTC	11
CNTAAC	11
CNTACG	11
GNGACA	11
GNGGGG	11
GNGATA	11
ANGTCA	11
GNGCGT	11
CNTCGA	11
GNGGAA	11
GNGCTT	11
CNTTTC	11
CNTGCG	11
ANACAG	11
CNTTAC	11
GNAACT	11
AANGGT	11
GNAACG	11
TGNTAA	11
AANGTC	11
GNTGCA	11
AGNAGT	11
ANTCGC	11
ANCCCT	11
ANTGAT	11
GGNCAA	11
GNAAGC	11
CNACAA	11
ANCACG	11
ANCCCC	11
ANACTA	11
AANTTA	10
GNCTTG	10
CTNATT	10
ANCCCA	10
CTNATG	10
AANTGG	10
AANCGC	10
TNGTTC	10
CNTTTG	10
GGNGGC	10
GGNAAA	10
CNTGTG	10
CANTCA	10
CANTTG	10
ANCTAA	10
GNAAGT	10
GANGAG	10
GANCTT	10
TNGGCG	10
GANCAA	10
CANTCT	10
GNATAT	10
ANGCCT	10
ANCGAT	10
GNATCT	10
GNATTA	10
ANCGAC	10
GNCCCT	10
AGNTTG	10
GNACAT	10
CANAAT	10
AANCAA	10
TNTTGT	10
CNGCCG	10
CNCGAC	10
GNGTTC	10
CNCCGG	10
CNCCAC	10
CNCACG	10
TNCATA	10
GNTAAC	10
GNTACC	10
CNAGCT	10
CNAGCG	10
TNCACA	10
CNAGCC	10
CNTGTA	10
CNACCG	10
CNAAGT	10
ANGTTC	10
GNTAGG	10
GNTCGA	10
ACNTTT	10
CGNCAA	10
TGNAGA	10
GNTGGG	10
TGNCAT	10
TGNCGC	10
TNAGTT	10
TNAACT	10
CNGTTA	10
TNCTAC	10
CNTAGA	10
TCNATA	10
ANTTCG	10
CNTCGC	10
TNCGTA	10
GNGGGA	10
CNGCTC	10
ANTTGC	10
CNGTAT	10
TNTGTA	10
CNGGCC	10
TNTGCG	10
GNTGCG	9
TNTAGA	9
ATNGAA	9
GNGCAG	9
GNGCAC	9
GNGCTG	9
TTNGGG	9
TTNTGG	9
TNTACG	9
GNGCTC	9
TTNTTA	9
ATNAAT	9
ATNAAC	9
GANCAG	9
GNGGTA	9
GNGTTA	9
GNATTC	9
GNGTGA	9
GNGTAA	9
GNCCGC	9
GNGGTT	9
GNGGTC	9
GNAGGT	9
GNTGTC	9
GNCTGA	9
GNACTC	9
GNAATC	9
CANCAT	9
GNTAGC	9
TNTGAG	9
TNTATA	9
TNTAGG	9
CNTGGG	9
ANCTGT	9
ANTACA	9
CNACGT	9
CNAGGA	9
CNAGTC	9
TNCAGG	9
CTNAAG	9
ANGGGG	9
ANGTAC	9
ANGTGT	9
CNTTCC	9
TNCTCG	9
TNGAGC	9
CNTGGA	9
TNCTAA	9
CNTCGT	9
CNTATA	9
TNCGTC	9
CNTAGC	9
ANTTCC	9
TNCGAA	9
CNCCTA	9
TNCCCT	9
ACNAGC	9
TGNCCA	9
GTNATT	9
GTNGCC	9
ANTGTA	9
AANTAT	9
TGNTAT	9
GTNTGT	9
TGNGTG	9
TGNGTC	9
TNGGAG	9
ANCGCG	9
AANCTG	9
AANGGA	9
ANCGTA	9
GANTCA	9
CGNCAT	9
TANATT	9
TANCAT	9
AGNACG	9
TGNAGC	8
TGNGAA	8
TTNATT	8
AGNAAG	8
TNAGTG	8
AGNCCA	8
AGNATC	8
GNTCTA	8
AANGAT	8
AANTTC	8
TNGTGT	8
AANTAA	8
TNGGTG	8
TNTAGT	8
TNGGGC	8
TNGGCT	8
TNGGCA	8
TNGCTT	8
TNGCTA	8
TCNGCG	8
TANCAG	8
TANCTC	8
TANTCT	8
AANCCT	8
AANCAG	8
AANATA	8
AANAGG	8
AANACT	8
AANACC	8
TCNCAA	8
GNGTCT	8
GGNGAA	8
ANTCCC	8
CNGGGC	8
CGNATG	8
CANGGT	8
CANGCT	8
ANGCTA	8
CGNTAA	8
ANCGCA	8
GNTCAC	8
ANACTT	8
GNGTGG	8
GNGTGC	8
CANGGC	8
CANCGG	8
ACNAAA	8
GNAGCT	8
GTNCTT	8
CANCAC	8
CNTTCG	8
GNCGAA	8
GNCGCA	8
GNCGGA	8
GNCGTG	8
GNGGAC	8
GNGAGT	8
GNGCAA	8
CTNCTT	8
CNAAGG	8
CNACAC	8
CNACCC	8
ATNACG	8
ATNACT	8
CNAGGT	8
CCNAAT	8
CNCAGT	8
ANAGGG	8
CGNCAG	8
CNCGAA	8
ACNAAT	8
CGNTGA	8
GGNCTG	8
GANTTT	8
ANCACA	8
CNGAGT	8
CNCTGG	8
GNGTCC	7
ATNACC	7
GNGCCG	7
AANGTG	7
TTNCTT	7
ATNAGA	7
ANGGAG	7
GNGGTG	7
GNGTAC	7
CNTAGG	7
GNTCGC	7
CTNTCC	7
CTNAAA	7
AANGCT	7
TTNGGA	7
GNTCTC	7
CGNCGC	7
TTNTTC	7
GNTACG	7
CTNTAG	7
TTNTAT	7
AANACG	7
CTNGTC	7
CNCGCT	7
AGNAGA	7
TCNTTC	7
TCNTTT	7
GCNTAA	7
CNGCGC	7
TNCAAC	7
GGNCAG	7
CNCTAT	7
AANAAG	7
GGNTCA	7
AANAAA	7
AGNCTC	7
CNCCCA	7
ATNTTT	7
CNAGAC	7
CNACGA	7
ANATCC	7
ANAGTT	7
TNGCTC	7
GNCTTA	7
TNCGCA	7
TTNCAT	7
GNCCGT	7
TNCCCA	7
CNTGTC	7
GNCAGG	7
CNTCCG	7
AANGTT	7
GNACGA	7
GNACAG	7
AGNAAC	7
AANTTT	7
TTNACC	7
TCNCTT	7
GGNTTT	7
GGNTTC	7
TNTAAG	7
AANCGT	7
AGNGTT	7
CANTAT	7
ACNCTC	7
TGNTTA	7
GTNGCT	7
TGNCAC	7
ANTCGA	7
ACNGCT	7
TGNTGA	7
ANTCGT	7
ATNAAG	7
AANCTC	7
CTNTTT	7
TGNTCC	7
CGNCCA	7
GANATC	7
TGNGGC	7
ANGAAT	7
AANATT	7
TANAGT	7
GTNTGG	7
AANATG	7
CANACG	7
GCNAAT	6
GGNTTA	6
TCNGTC	6
TGNAAC	6
TCNGTA	6
GCNAGA	6
GCNATA	6
GCNATG	6
GCNATT	6
CGNTAC	6
TNGTCT	6
ANTCTA	6
TNCCCC	6
ACNACT	6
ANGTGG	6
GNCCCC	6
CANCCA	6
CNTAGT	6
AANTCC	6
GNAGCC	6
ATNATT	6
TTNAAA	6
AGNAAA	6
TTNATC	6
TTNATA	6
TTNAGT	6
CANCTA	6
TGNTTG	6
TGNTTC	6
TCNGAA	6
CNGTAC	6
CCNAAC	6
CNCGCG	6
CANTGC	6
TGNCTC	6
CNCCGT	6
CNCCGA	6
CNCCCG	6
ACNAAC	6
CANTGG	6
AGNCGG	6
ANTACG	6
ANGACT	6
CNATGG	6
ATNGCA	6
TGNGAC	6
ATNGCG	6
ACNGCC	6
AGNTGT	6
TGNGGT	6
ATNTCA	6
CCNAGA	6
ATNTAA	6
GCNTTG	6
AGNAGC	6
CCNGCA	6
GCNGAA	6
GCNGCA	6
TGNAAT	6
GCNGCT	6
CANCCT	6
GCNGGT	6
TNGCCG	6
CANGTG	6
GGNTAA	6
TGNTCA	6
CGNTTC	6
CNCTCG	6
TGNCAG	6
CANTAG	6
CGNTTT	6
CNCGGT	6
AANAAC	6
GGNAGA	6
TANATC	6
AANGAG	6
GANGTG	6
AANGGC	6
GNTAGT	6
GANGGC	6
GNTACA	6
GNGTTG	6
GANGCT	6
TANAGC	6
AANAGA	6
TTNTGT	6
GNGTCA	6
AANGAC	6
GNGGGC	6
GTNGCA	6
ANCTCC	6
TANAAA	6
CTNGAC	6
ACNCCA	6
CTNCAG	6
TTNCTG	6
TTNGTC	6
CGNCTG	6
CTNGCT	6
GANTCC	6
TANCGA	6
GNTTCG	6
TTNTAC	6
TANACA	6
TANACC	6
CGNGCG	6
AANAGT	6
TANACT	6
CGNCCT	6
TNTGGG	6
GTNAAC	6
ANGATC	6
TNCCCG	6
ANCCGC	6
ACNGAA	6
ATNAGC	6
GTNGTC	6
GNGAAC	6
GNGACC	6
CCNTCC	6
CTNTCA	6
TANGCG	6
ANGGGA	6
ANGGGT	6
GANGAA	6
ACNATT	6
TANCTG	6
TANCTT	6
GANGAC	6
ACNTCA	5
AGNGAC	5
AGNCGC	5
GANTGA	5
CANTCC	5
CCNAAG	5
GANTGT	5
ACNTAA	5
CNGATC	5
GANACA	5
ACNGGT	5
GANCAC	5
AGNGGT	5
TNGAAT	5
ATNTCT	5
CANTGT	5
ATNTGG	5
AGNGGA	5
CANTTC	5
AGNGGC	5
ATNTTA	5
AANCCA	5
ANGACA	5
CTNTAA	5
AANCGA	5
AANAGC	5
ACNAGT	5
TCNGGA	5
TNGCCC	5
TCNGCC	5
TNTACA	5
AANTTG	5
TCNCAG	5
TCNAGC	5
TNCGGG	5
AGNGCC	5
TNCGGA	5
TCNAGA	5
ACNCAC	5
TCNACT	5
TNCGAC	5
ANCCCG	5
TANGGC	5
ANCCTA	5
CANATC	5
TANTTA	5
TANTAA	5
TANTGT	5
TANTGC	5
CANAGA	5
CTNCCT	5
ACNTGC	5
CNGAGC	5
ACNGCA	5
CTNCCA	5
CNGCGA	5
AGNTTT	5
CTNCAA	5
GCNTAT	5
CTNATC	5
CANGTA	5
CANAAG	5
GCNCTT	5
TCNTGA	5
TNCACC	5
CTNAAT	5
CANGAT	5
TANAGG	5
GCNACT	5
TANCCA	5
TCNGTT	5
TANCCC	5
CGNTGT	5
AGNATG	5
GNGCCC	5
TGNCGT	5
GNCACC	5
CCNTAC	5
CGNACT	5
GNCCCA	5
GNCCCG	5
CGNAGC	5
GGNTGT	5
CCNTTC	5
CGNTGG	5
GNCGCG	5
GNATCG	5
ANTGGG	5
TTNGAC	5
GNCTCG	5
TGNAGT	5
CCNGAA	5
TTNCCA	5
GGNATG	5
ANTGCG	5
TGNAGG	5
GNGAAT	5
CGNAGT	5
ATNCGT	5
CCNCCA	5
TTNTTT	5
GTNCTG	5
GNGCGG	5
GGNGCA	5
GGNGGA	5
GTNAAA	5
ATNAGT	5
GNTATC	5
TTNAGA	5
TTNAGG	5
ATNGTT	5
TTNACA	5
TGNGTT	5
TGNTGC	5
GTNTCC	5
CCNATA	5
CGNGCA	5
GNGCGA	5
TTNTCA	5
AGNATT	5
CGNGAT	4
TTNCCC	4
TTNCGA	4
TTNCCG	4
ACNCTG	4
ACNATA	4
CGNACG	4
TANCGC	4
GNGTAG	4
TCNAAC	4
AANTGC	4
TCNCCA	4
TTNAGC	4
CCNTGC	4
TANGTT	4
TANGTG	4
TCNAGG	4
GNACTA	4
ATNATC	4
GTNTAA	4
TCNAAT	4
GNGACG	4
GTNGTT	4
CCNTGA	4
GNCACG	4
TANGCT	4
GNCCGA	4
GNCCTA	4
TTNCAG	4
ANCCGG	4
TANGAT	4
TNCGAG	4
AANTAC	4
CTNTGA	4
CTNTTA	4
ACNTAT	4
ACNTAC	4
TTNGTA	4
CTNGCG	4
ACNCGC	4
GANTAT	4
GANAGT	4
GANATA	4
GTNACA	4
TTNTCC	4
GANGTC	4
GTNAAT	4
ATNATA	4
CTNGTT	4
GANGGT	4
TTNTCG	4
CGNCGT	4
GANGGA	4
TTNTGC	4
GANCCT	4
TTNTTG	4
ACNGTA	4
GANGAT	4
GANCGC	4
GANCTA	4
AANGCC	4
TANCCG	4
CGNGGA	4
ANGCGA	4
ACNTTG	4
ANCGAG	4
GTNCTC	4
GNTCCC	4
TANCAA	4
AGNGCG	4
TGNGTA	4
CGNAGG	4
CTNCCC	4
TANACG	4
GNGTCG	4
GTNCAC	4
TANAAC	4
GANAAC	4
GANAAG	4
CGNATT	4
CGNCAC	4
GTNAGC	4
TTNGCG	4
GANTTG	4
AGNGTG	4
CTNGAT	4
GTNACT	4
CANGGA	4
GGNAGC	4
TGNATC	4
AGNGAA	4
TNGTAG	4
GGNCAC	4
TNGTCC	4
TGNACC	4
GGNCGT	4
CNGCCC	4
TGNACA	4
GCNTTA	4
GCNTGT	4
CANGTT	4
GCNTGA	4
CANGCC	4
GCNTCA	4
GCNTAC	4
GCNGTT	4
GCNGTC	4
AGNGAT	4
GGNGCC	4
ATNCCT	4
AANCTT	4
GCNGGA	4
GGNGCT	4
ATNGAT	4
ATNGTG	4
TGNGGG	4
AGNCAG	4
AANCAC	4
TGNGCC	4
AANCCG	4
AGNCAA	4
CCNCCG	4
AGNTTA	4
AGNTGA	4
ATNGCT	4
CCNCGA	4
GTNTAT	4
ATNGAG	4
ATNCTT	4
TNGGCC	4
ATNCTC	4
TGNCGA	4
TGNCCT	4
CCNCTG	4
TGNTAC	4
CCNCTT	4
CANTAC	4
AGNCTG	4
CGNTAT	4
TCNCGT	4
TANTGA	4
CANCGT	4
TCNTCA	4
GCNCAC	4
CCNGCT	4
ACNGAT	4
CCNTTA	4
GTNTTA	4
TANTTG	4
CANCGC	4
ACNGAG	4
TCNGGT	4
CANGAG	4
GCNAAA	4
ATNCAC	4
TCNTAA	4
CANATA	4
CANAGT	4
ATNCAG	4
TCNTGG	4
AANGAA	4
TANTAC	4
GGNGGT	4
CANGAC	4
CANCTG	4
GCNGAG	4
TANTCC	4
TNGATC	4
TGNTCT	4
TNTCGA	4
TGNTTT	4
GCNCGA	4
AGNGTA	3
GANAGC	3
GANCGG	3
GANAGG	3
ATNTAG	3
AGNTCT	3
AGNGGG	3
CTNTCT	3
CTNTGT	3
CANAGG	3
ACNGGG	3
TANTTT	3
CANTTT	3
TANGGG	3
AGNTGG	3
TGNCTG	3
TANGGT	3
CGNCCC	3
TANTGG	3
GTNTCA	3
TANGCC	3
TGNGCA	3
GTNAAG	3
TGNGCG	3
CANCTC	3
TANGAG	3
TANAGA	3
TANGAC	3
GTNCGC	3
TANATA	3
TGNAAG	3
TANATG	3
CANGCG	3
GTNCCC	3
AGNTCA	3
TGNTCG	3
ACNCTA	3
CGNAAA	3
CGNAAG	3
GTNGAA	3
CGNACC	3
TANCCT	3
GTNTGA	3
TNTCCC	3
GTNACG	3
CCNTCA	3
CANTAA	3
CTNTTG	3
GTNAGA	3
ATNACA	3
TGNATT	3
TGNCCG	3
ACNCGT	3
TGNATA	3
TNGTAC	3
CANAAC	3
GTNATA	3
TANGCA	3
CANGTC	3
TGNACG	3
GGNACT	3
AANTGT	3
CCNGAC	3
CGNTTG	3
AGNGAG	3
GGNAGT	3
GGNAGG	3
GNATAG	3
TCNACG	3
AGNCTT	3
TTNCAA	3
TTNCAC	3
ACNACG	3
TCNCCT	3
ANGTAG	3
AGNGCA	3
CGNGGG	3
TNCGCG	3
GNGATC	3
ACNATC	3
GGNACG	3
CNCGAT	3
ANGGGC	3
AANGTA	3
CTNACG	3
CCNCGG	3
CGNTCA	3
GCNGCG	3
TCNTTG	3
GGNGAG	3
TCNTGT	3
CCNGAG	3
GCNCTG	3
TCNTGC	3
CCNGCC	3
GGNGTT	3
TCNTCG	3
GCNCAA	3
GGNTAT	3
CGNCCG	3
GCNATC	3
GCNTCC	3
AGNACC	3
GCNACC	3
ATNCCA	3
GCNTCT	3
GCNTGC	3
CGNGTT	3
TTNAAG	3
GGNCTA	3
AGNAAT	3
GGNCGA	3
GANTAG	3
CTNCGG	3
CTNCTA	3
CTNCTC	3
TTNGCC	3
CCNCAC	3
GANTTC	3
TTNGCT	3
ATNGGT	3
TTNGGC	3
GANTGC	3
TTNGGT	3
TTNGTT	3
CGNCTC	3
CTNAGT	3
ATNTGC	3
GANGTT	3
ATNTGA	3
CCNATG	3
GANGTA	3
ATNGTC	3
CTNGTG	3
TTNTGA	3
CCNACT	3
GANGCC	3
GANGCA	3
CGNCGA	3
CTNTCG	3
ACNTGA	3
TTNGAG	3
ACNTTA	3
TTNGAT	3
CTNCCG	3
CTNCAT	3
ACNCAT	3
ATNGGA	3
ACNTCT	3
CTNCAC	3
CGNGAG	3
ACNTCG	3
TTNCTA	3
CTNACT	3
AGNATA	2
TGNTAG	2
TGNGCT	2
CCNCCT	2
TGNCTT	2
AGNCTA	2
AGNTCG	2
CCNCTC	2
CCNCGT	2
CCNCGC	2
CCNAGC	2
CGNTCT	2
ACNACA	2
CCNATT	2
ACNAAG	2
AGNTGC	2
AGNTCC	2
CANACC	2
CGNTTA	2
TGNACT	2
AGNCCT	2
CNCGGG	2
CCNACA	2
CNCTAG	2
TGNGAG	2
CGNGAA	2
ANGCCC	2
CCNGGT	2
ACNCAA	2
CTNAAC	2
CTNACA	2
CTNACC	2
ACNCAG	2
AGNTAA	2
CTNATA	2
CGNGAC	2
CGNATA	2
CGNATC	2
CCNTAT	2
CTNCGT	2
CTNGAA	2
CTNGAG	2
CTNGCA	2
CTNGGA	2
CTNGGC	2
CTNGTA	2
CTNTGG	2
CGNCTA	2
CTNTGC	2
CGNCGG	2
CCNGTA	2
TCNCGC	2
TCNTTA	2
TGNTGT	2
CCNTTG	2
TCNTAG	2
TCNTAC	2
AGNACA	2
CGNTAG	2
ACNGAC	2
TCNGCA	2
TCNGAT	2
TCNCTC	2
TCNCTA	2
CGNTCG	2
AGNTAC	2
TCNCCG	2
CCNTGG	2
TCNCCC	2
TCNCAC	2
TCNATC	2
ACNACC	2
TCNACC	2
TCNAAA	2
CCNGGG	2
ACNATG	2
GTNCAG	2
GTNGTG	2
GTNGGT	2
GTNGGG	2
AANTAG	2
GTNGGA	2
GTNGAT	2
GTNGAC	2
GTNCCG	2
GTNTAC	2
GTNCAA	2
GTNAGT	2
AANTCA	2
TTNTCT	2
TTNTAA	2
TTNGTG	2
GNTCCG	2
GNTAGA	2
GANTTA	2
GANGGG	2
ACNGTT	2
GANTAA	2
GANTAC	2
GANTCG	2
AANGCA	2
ACNTCC	2
GANTGG	2
TTNCCT	2
ANCTAG	2
AANGCG	2
ACNTTC	2
GTNTTT	2
GTNTTG	2
GTNTTC	2
GTNTGC	2
GGNACC	2
GGNGTG	2
GGNGTC	2
GGNGTA	2
GGNGGG	2
GGNGAC	2
ATNCGG	2
GGNCAT	2
GGNATA	2
GGNTCG	2
ATNCTA	2
ATNCTG	2
ATNGCC	2
ATNTAC	2
ATNTAT	2
ATNTCC	2
ATNTCG	2
GCNGGC	2
GNCTAG	2
GCNAAC	2
GCNACA	2
GCNACG	2
GCNAGT	2
GCNCAG	2
GCNCGT	2
GCNGCC	2
AANCCC	2
GNCCGG	2
GCNGTG	2
TTNACT	2
TTNACG	2
TTNAAC	2
ATNCAT	2
GGNTGG	2
CANGGG	2
GANATG	2
ACNGGA	2
TANGAA	2
TANCGT	2
CANTGA	2
TANCGG	2
TANGGA	2
TANAAT	2
TANGTC	2
CANAGC	2
GANCTC	2
GANAAT	2
TANTAG	2
AANCTA	2
TANTCA	2
TCNCTG	1
TTNCGG	1
TTNCGC	1
CGNGCC	1
TTNGAA	1
GCNAAG	1
TCNGGC	1
TCNGGG	1
TCNCGA	1
TCNGTG	1
GCNAGG	1
TCNTAT	1
TCNTCC	1
GCNCAT	1
GCNCCA	1
TGNCCC	1
GANACG	1
CGNAAC	1
GANACC	1
CGNACA	1
GTNGCG	1
GTNCGG	1
GTNCGA	1
GTNCCA	1
TANAAG	1
GTNATG	1
TTNGCA	1
TCNAAG	1
GTNAGG	1
TCNACA	1
CCNGTC	1
GTNACC	1
TCNAGT	1
ATNAGG	1
TCNCAT	1
CGNGGT	1
CGNCTT	1
ATNGGG	1
GGNCCA	1
GGNATT	1
GGNACA	1
GGNAAT	1
CCNCTA	1
GGNAAC	1
ATNGAC	1
AGNCGT	1
ATNGGC	1
CCNCAG	1
GGNCGG	1
CCNCAA	1
CCNAAA	1
CCNAGT	1
AGNTTC	1
CANTTA	1
CCNACG	1
CCNACC	1
ATNTTC	1
AGNCCG	1
ATNTGT	1
CCNGGC	1
GCNCTC	1
GCNGAC	1
ACNGTG	1
TANTCG	1
CANCCC	1
GNACCG	1
GCNTCG	1
GCNTTC	1
CGNGTA	1
CGNGTC	1
GCNCCG	1
CCNGGA	1
CANCGA	1
CCNGCG	1
GGNTCT	1
GGNTAC	1
AGNTAT	1
CCNGAT	1
ATNCGC	1
CGNTGC	1
GGNCTC	1
CCNTGT	1
ACNTGG	1
CTNAGA	1
CTNAGC	1
ACNCCG	1
CTNCGA	1
CTNAGG	1
GANACT	1
ACNAGG	1
ACNCCC	1
CTNCGC	1
CTNGGT	1
GTNTCT	1
GTNTCG	1
GANCCG	1
GTNTAG	1
AGNGCT	1
AANGGG	1
ACNCGG	1
GANCTG	1
CTNTTC	1
TNCCGG	1
CCNTCT	1
ACNGTC	1
CCNTCG	1
GANGCG	1
GTNGTA	1
