tsv2bam v2.2, executed 2018-12-05 12:44:56
/usr/local/bin/tsv2bam -P ./stackspl -M ./sampleI/popmap1.txt -t 4
Configuration for this run:
  Stacks directory: './stackspl/'
  Population map: './sampleI/popmap1.txt'
  Num. samples: 39
  Multithreaded.

Loading the catalog...
Processing sample 'Ajordani86-cap'...
Processing sample 'Ajordani89-cap'...
Processing sample 'Ajordan521-cap'...
Processing sample 'Ajordan522-cap'...
Processing sample 'Aungak696-cap'...
Processing sample 'Ccandidus-cap'...
Processing sample 'Ccfcypselur-cap'...
Processing sample 'Ccfmelanu1-cap'...
Processing sample 'Ccfmelanu2-cap'...
Processing sample 'Ccomus970-cap'...
Processing sample 'Ccomus971-cap'...
Processing sample 'Cfurcellu98-cap'...
Processing sample 'Cgilberti81-cap'...
Processing sample 'Cmelanu88'...
Processing sample 'Cphasma07-cap'...
Processing sample 'Cphasma61-cap'...
Processing sample 'Crystalli1'...
Processing sample 'Crystalli2-cap'...
Processing sample 'Cscottae02-cap'...
Processing sample 'Cscottae04-cap'...
Processing sample 'Cstauffe96-cap'...
Processing sample 'Ebritti822-cap'...
Processing sample 'Ecaudatus1-cap'...
Processing sample 'Ecaudatus2-cap'...
Processing sample 'Ecaudatus3'...
Processing sample 'Ecaudatus4-cap'...
Processing sample 'Eorbis461-cap'...
Processing sample 'Eorbis821-cap'...
Processing sample 'Lferxi9829-cap'...
Processing sample 'Lflorae666-cap'...
Processing sample 'Lgibbus043-cap'...
Processing sample 'Lgibbus176-cap'...
Processing sample 'Lnanus2476-cap'...
Processing sample 'Npelagicus-cap'...
Processing sample 'Pdactyl51-cap'...
Processing sample 'Ppenicillu-cap'...
Processing sample 'Pptychoman-cap'...
Processing sample 'Pulochir76'...
Processing sample 'Rattenuatu-cap'...

Sample 'Ajordan521-cap': matched 40931 sample loci to 40468 catalog loci; wrote 1561301 records.
Sample 'Ajordan522-cap': matched 41632 sample loci to 41067 catalog loci; wrote 1512475 records.
Sample 'Ajordani86-cap': matched 40299 sample loci to 39396 catalog loci; wrote 1694266 records.
Sample 'Ajordani89-cap': matched 39715 sample loci to 38597 catalog loci; wrote 1631552 records.
Sample 'Aungak696-cap': matched 40222 sample loci to 38996 catalog loci; wrote 1620157 records.
Sample 'Ccandidus-cap': matched 41838 sample loci to 40700 catalog loci; wrote 1642193 records.
Sample 'Ccfcypselur-cap': matched 41603 sample loci to 40958 catalog loci; wrote 1591421 records.
Sample 'Ccfmelanu1-cap': matched 37497 sample loci to 37213 catalog loci; wrote 1696740 records.
Sample 'Ccfmelanu2-cap': matched 38850 sample loci to 38301 catalog loci; wrote 1710809 records.
Sample 'Ccomus970-cap': matched 41114 sample loci to 39869 catalog loci; wrote 1577395 records.
Sample 'Ccomus971-cap': matched 42427 sample loci to 41119 catalog loci; wrote 1587212 records.
Sample 'Cfurcellu98-cap': matched 38851 sample loci to 38245 catalog loci; wrote 1631977 records.
Sample 'Cgilberti81-cap': matched 37933 sample loci to 37218 catalog loci; wrote 1619638 records.
Sample 'Cmelanu88': matched 33737 sample loci to 33468 catalog loci; wrote 1214217 records.
Sample 'Cphasma07-cap': matched 40499 sample loci to 39587 catalog loci; wrote 1692502 records.
Sample 'Cphasma61-cap': matched 42956 sample loci to 42052 catalog loci; wrote 1674131 records.
Sample 'Crystalli1': matched 48435 sample loci to 48002 catalog loci; wrote 1258915 records.
Sample 'Crystalli2-cap': matched 47260 sample loci to 46868 catalog loci; wrote 1501350 records.
Sample 'Cscottae02-cap': matched 39378 sample loci to 38843 catalog loci; wrote 1673976 records.
Sample 'Cscottae04-cap': matched 36909 sample loci to 36390 catalog loci; wrote 1667128 records.
Sample 'Cstauffe96-cap': matched 38205 sample loci to 37803 catalog loci; wrote 1584866 records.
Sample 'Ebritti822-cap': matched 38990 sample loci to 38864 catalog loci; wrote 1637735 records.
Sample 'Ecaudatus1-cap': matched 43217 sample loci to 42073 catalog loci; wrote 1711527 records.
Sample 'Ecaudatus2-cap': matched 38786 sample loci to 38096 catalog loci; wrote 1735957 records.
Sample 'Ecaudatus3': matched 43843 sample loci to 42848 catalog loci; wrote 1199361 records.
Sample 'Ecaudatus4-cap': matched 38158 sample loci to 37335 catalog loci; wrote 1683970 records.
Sample 'Eorbis461-cap': matched 42066 sample loci to 41416 catalog loci; wrote 1624694 records.
Sample 'Eorbis821-cap': matched 37861 sample loci to 37534 catalog loci; wrote 1606708 records.
Sample 'Lferxi9829-cap': matched 37096 sample loci to 36503 catalog loci; wrote 1712194 records.
Sample 'Lflorae666-cap': matched 39590 sample loci to 39239 catalog loci; wrote 1582209 records.
Sample 'Lgibbus043-cap': matched 44866 sample loci to 44211 catalog loci; wrote 1621945 records.
Sample 'Lgibbus176-cap': matched 41705 sample loci to 40818 catalog loci; wrote 1652712 records.
Sample 'Lnanus2476-cap': matched 40418 sample loci to 39788 catalog loci; wrote 1636103 records.
Sample 'Npelagicus-cap': matched 41877 sample loci to 41490 catalog loci; wrote 1520817 records.
Sample 'Pdactyl51-cap': matched 39680 sample loci to 38456 catalog loci; wrote 1645509 records.
Sample 'Ppenicillu-cap': matched 40906 sample loci to 40095 catalog loci; wrote 1556074 records.
Sample 'Pptychoman-cap': matched 38444 sample loci to 37828 catalog loci; wrote 1630781 records.
Sample 'Pulochir76': matched 39302 sample loci to 38582 catalog loci; wrote 1387417 records.
Sample 'Rattenuatu-cap': matched 42022 sample loci to 40827 catalog loci; wrote 1445692 records.

tsv2bam is done.
